\BOOKMARK [1][-]{section*.1}{\376\377\000R\000e\000s\000u\000m\000e\000n\000\040\000C\000l\000a\000s\000i\000f\000i\000c\000a\000c\000i\000\363\000n}{}% 1
\BOOKMARK [1][-]{section*.2}{\376\377\000V\000i\000s\000i\000\363\000n\000\040\000G\000e\000n\000e\000r\000a\000l}{}% 2
\BOOKMARK [1][-]{section*.3}{\376\377\000R\000e\000s\000u\000l\000t\000a\000d\000o\000s\000\040\000P\000r\000i\000n\000c\000i\000p\000a\000l\000e\000s}{}% 3
\BOOKMARK [2][-]{section*.4}{\376\377\000E\000l\000\040\000W\000a\000r\000p\000i\000n\000g\000\040\000M\000e\000j\000o\000r\000a\000\040\000l\000a\000\040\000A\000c\000c\000u\000r\000a\000c\000y\000\040\000\050\000E\000x\000a\000c\000t\000i\000t\000u\000d\000\051}{section*.3}% 4
\BOOKMARK [2][-]{section*.6}{\376\377\000C\000o\000m\000p\000a\000r\000a\000c\000i\000\363\000n\000\040\000V\000i\000s\000u\000a\000l}{section*.3}% 5
\BOOKMARK [1][-]{section*.8}{\376\377\000C\000o\000n\000c\000e\000n\000t\000r\000a\000c\000i\000\363\000n\000\040\000d\000e\000\040\000V\000a\000r\000i\000a\000n\000z\000a}{}% 6
\BOOKMARK [2][-]{section*.9}{\376\377\000V\000a\000r\000i\000a\000n\000z\000a\000\040\000E\000x\000p\000l\000i\000c\000a\000d\000a\000\040\000p\000o\000r\000\040\000P\000C\0001\000\040\000\050\000P\000r\000i\000n\000c\000i\000p\000a\000l\000\040\000C\000o\000m\000p\000o\000n\000e\000n\000t\000\040\0001\000\051}{section*.8}% 7
\BOOKMARK [2][-]{section*.11}{\376\377\000C\000o\000m\000p\000a\000r\000a\000c\000i\000\363\000n\000\040\000d\000e\000\040\000V\000a\000r\000i\000a\000n\000z\000a\000:\000\040\0002\000\040\000D\000a\000t\000a\000s\000e\000t\000s}{section*.8}% 8
\BOOKMARK [2][-]{section*.13}{\376\377\000I\000n\000t\000e\000r\000p\000r\000e\000t\000a\000c\000i\000\363\000n}{section*.8}% 9
\BOOKMARK [2][-]{section*.14}{\376\377\000R\000e\000o\000r\000g\000a\000n\000i\000z\000a\000c\000i\000\363\000n\000\040\000d\000e\000\040\000I\000n\000f\000o\000r\000m\000a\000c\000i\000\363\000n\000\040\000D\000i\000s\000c\000r\000i\000m\000i\000n\000a\000t\000i\000v\000a}{section*.8}% 10
\BOOKMARK [1][-]{section*.17}{\376\377\000O\000p\000t\000i\000m\000i\000z\000a\000c\000i\000\363\000n\000\040\000d\000e\000\040\000K}{}% 11
\BOOKMARK [2][-]{section*.18}{\376\377\000K\000\040\000\323\000p\000t\000i\000m\000o\000\040\000p\000o\000r\000\040\000E\000x\000p\000e\000r\000i\000m\000e\000n\000t\000o\000\040\000\050\0002\000C\000-\0001\0002\000K\000\040\000y\000\040\0003\000C\000-\0006\000K\000\051}{section*.17}% 12
\BOOKMARK [2][-]{section*.20}{\376\377\000O\000b\000s\000e\000r\000v\000a\000c\000i\000o\000n\000e\000s}{section*.17}% 13
\BOOKMARK [2][-]{section*.21}{\376\377\000G\000r\000\341\000f\000i\000c\000o\000s\000\040\000d\000e\000\040\000O\000p\000t\000i\000m\000i\000z\000a\000c\000i\000\363\000n\000\040\000d\000e\000\040\000K}{section*.17}% 14
\BOOKMARK [1][-]{section*.24}{\376\377\000M\000a\000t\000r\000i\000c\000e\000s\000\040\000d\000e\000\040\000C\000o\000n\000f\000u\000s\000i\000\363\000n}{}% 15
\BOOKMARK [1][-]{section*.26}{\376\377\000D\000e\000s\000e\000m\000p\000e\000\361\000o\000\040\000p\000o\000r\000\040\000C\000l\000a\000s\000e}{}% 16
\BOOKMARK [2][-]{section*.27}{\376\377\0002\000C\000-\0001\0002\000K\000\040\000\050\000W\000a\000r\000p\000e\000d\000,\000\040\000K\000=\0007\000\051}{section*.26}% 17
\BOOKMARK [2][-]{section*.28}{\376\377\000M\000\351\000t\000r\000i\000c\000a\000s\000\040\000p\000o\000r\000\040\000c\000l\000a\000s\000e}{section*.26}% 18
\BOOKMARK [2][-]{section*.30}{\376\377\0003\000C\000-\0006\000K\000\040\000\050\000W\000a\000r\000p\000e\000d\000,\000\040\000K\000=\0002\0001\000\051}{section*.26}% 19
\BOOKMARK [2][-]{section*.31}{\376\377\000C\000o\000n\000f\000u\000s\000i\000o\000n\000e\000s\000\040\000m\000\341\000s\000\040\000f\000r\000e\000c\000u\000e\000n\000t\000e\000s}{section*.26}% 20
\BOOKMARK [2][-]{section*.33}{\376\377\000M\000\351\000t\000r\000i\000c\000a\000s\000\040\000p\000o\000r\000\040\000c\000l\000a\000s\000e}{section*.26}% 21
\BOOKMARK [1][-]{section*.35}{\376\377\000C\000o\000n\000c\000l\000u\000s\000i\000\363\000n}{}% 22
