\BOOKMARK [1][-]{section*.1}{\376\377\000M\000e\000t\000o\000d\000o\000l\000o\000g\000\355\000a\000\040\000C\000o\000m\000p\000l\000e\000t\000a\000:\000\040\000P\000r\000e\000p\000r\000o\000c\000e\000s\000a\000m\000i\000e\000n\000t\000o\000\040\000+\000\040\000E\000i\000g\000e\000n\000f\000a\000c\000e\000s\000\040\000+\000\040\000F\000i\000s\000h\000e\000r\000\040\000+\000\040\000K\000N\000N}{}% 1
\BOOKMARK [2][-]{section*.2}{\376\377\000E\000T\000A\000P\000A\000\040\0000\000:\000\040\000P\000R\000E\000P\000R\000O\000C\000E\000S\000A\000M\000I\000E\000N\000T\000O\000\040\000\050\000P\000R\000E\000D\000I\000C\000C\000I\000\323\000N\000\040\000+\000\040\000W\000A\000R\000P\000I\000N\000G\000\051}{section*.1}% 2
\BOOKMARK [3][-]{section*.3}{\376\377\000E\000j\000e\000m\000p\000l\000o\000s\000\040\000d\000e\000\040\000I\000m\000a\000g\000e\000n\000e\000s\000\040\000d\000e\000l\000\040\000D\000a\000t\000a\000s\000e\000t}{section*.2}% 3
\BOOKMARK [2][-]{section*.6}{\376\377\000P\000a\000s\000o\000\040\0001\000.\000\040\000P\000r\000e\000d\000i\000c\000c\000i\000\363\000n\000\040\000d\000e\000\040\000L\000a\000n\000d\000m\000a\000r\000k\000s}{section*.1}% 4
\BOOKMARK [3][-]{section*.7}{\376\377\000M\000\351\000t\000r\000i\000c\000a\000\040\000c\000l\000a\000v\000e\000\040\000\050\0002\0002\0004\000x\0002\0002\0004\000\051}{section*.6}% 5
\BOOKMARK [3][-]{section*.9}{\376\377\000D\000i\000a\000g\000r\000a\000m\000a\000\040\000d\000e\000\040\000b\000l\000o\000q\000u\000e\000s}{section*.6}% 6
\BOOKMARK [3][-]{section*.11}{\376\377\000E\000v\000i\000d\000e\000n\000c\000i\000a\000\040\000v\000i\000s\000u\000a\000l}{section*.6}% 7
\BOOKMARK [2][-]{section*.14}{\376\377\000P\000a\000s\000o\000\040\0002\000.\000\040\000F\000o\000r\000m\000a\000\040\000C\000a\000n\000\363\000n\000i\000c\000a\000\040\000\050\000G\000P\000A\000\051}{section*.1}% 8
\BOOKMARK [3][-]{section*.15}{\376\377\000D\000i\000a\000g\000r\000a\000m\000a\000\040\000d\000e\000\040\000b\000l\000o\000q\000u\000e\000s}{section*.14}% 9
\BOOKMARK [3][-]{section*.17}{\376\377\000E\000v\000i\000d\000e\000n\000c\000i\000a\000\040\000v\000i\000s\000u\000a\000l}{section*.14}% 10
\BOOKMARK [2][-]{section*.19}{\376\377\000P\000a\000s\000o\000\040\0003\000.\000\040\000W\000a\000r\000p\000i\000n\000g\000\040\000G\000e\000o\000m\000\351\000t\000r\000i\000c\000o\000\040\000\050\000D\000e\000l\000a\000u\000n\000a\000y\000\040\000+\000\040\000P\000i\000e\000c\000e\000w\000i\000s\000e\000\040\000A\000f\000f\000i\000n\000e\000\051}{section*.1}% 11
\BOOKMARK [3][-]{section*.20}{\376\377\000D\000i\000a\000g\000r\000a\000m\000a\000\040\000d\000e\000\040\000b\000l\000o\000q\000u\000e\000s}{section*.19}% 12
\BOOKMARK [3][-]{section*.22}{\376\377\000E\000v\000i\000d\000e\000n\000c\000i\000a\000\040\000v\000i\000s\000u\000a\000l}{section*.19}% 13
\BOOKMARK [2][-]{section*.24}{\376\377\000P\000a\000s\000o\000\040\0004\000.\000\040\000P\000C\000A\000\040\000/\000\040\000E\000i\000g\000e\000n\000f\000a\000c\000e\000s\000\040\000\050\000R\000e\000d\000u\000c\000c\000i\000\363\000n\000\040\000d\000e\000\040\000D\000i\000m\000e\000n\000s\000i\000o\000n\000a\000l\000i\000d\000a\000d\000\051}{section*.1}% 14
\BOOKMARK [3][-]{section*.25}{\376\377\000D\000i\000a\000g\000r\000a\000m\000a\000\040\000d\000e\000\040\000b\000l\000o\000q\000u\000e\000s}{section*.24}% 15
\BOOKMARK [3][-]{section*.27}{\376\377\000E\000v\000i\000d\000e\000n\000c\000i\000a\000\040\000v\000i\000s\000u\000a\000l}{section*.24}% 16
\BOOKMARK [2][-]{section*.30}{\376\377\000P\000a\000s\000o\000\040\0005\000.\000\040\000E\000s\000t\000a\000n\000d\000a\000r\000i\000z\000a\000c\000i\000\363\000n\000\040\000Z\000-\000S\000c\000o\000r\000e\000\040\000\050\000C\000a\000r\000a\000c\000t\000e\000r\000\355\000s\000t\000i\000c\000a\000s\000\040\000P\000C\000A\000\051}{section*.1}% 17
\BOOKMARK [3][-]{section*.31}{\376\377\000D\000i\000a\000g\000r\000a\000m\000a\000\040\000d\000e\000\040\000b\000l\000o\000q\000u\000e\000s}{section*.30}% 18
\BOOKMARK [3][-]{section*.33}{\376\377\000E\000v\000i\000d\000e\000n\000c\000i\000a\000\040\000v\000i\000s\000u\000a\000l}{section*.30}% 19
\BOOKMARK [2][-]{section*.35}{\376\377\000P\000a\000s\000o\000\040\0006\000.\000\040\000C\000r\000i\000t\000e\000r\000i\000o\000\040\000d\000e\000\040\000F\000i\000s\000h\000e\000r\000\040\000\050\000S\000e\000l\000e\000c\000c\000i\000\363\000n\000\040\000D\000i\000s\000c\000r\000i\000m\000i\000n\000a\000t\000i\000v\000a\000\051}{section*.1}% 20
\BOOKMARK [3][-]{section*.36}{\376\377\000D\000i\000a\000g\000r\000a\000m\000a\000\040\000d\000e\000\040\000b\000l\000o\000q\000u\000e\000s}{section*.35}% 21
\BOOKMARK [3][-]{section*.38}{\376\377\000E\000v\000i\000d\000e\000n\000c\000i\000a\000\040\000v\000i\000s\000u\000a\000l}{section*.35}% 22
\BOOKMARK [2][-]{section*.40}{\376\377\000P\000a\000s\000o\000\040\0007\000.\000\040\000C\000l\000a\000s\000i\000f\000i\000c\000a\000c\000i\000\363\000n\000\040\000K\000N\000N}{section*.1}% 23
\BOOKMARK [3][-]{section*.41}{\376\377\000D\000i\000a\000g\000r\000a\000m\000a\000\040\000d\000e\000\040\000b\000l\000o\000q\000u\000e\000s}{section*.40}% 24
\BOOKMARK [3][-]{section*.43}{\376\377\000E\000v\000i\000d\000e\000n\000c\000i\000a\000\040\000v\000i\000s\000u\000a\000l}{section*.40}% 25
