\BOOKMARK [0][-]{etoc@tocid.1}{\376\377\000L\000i\000s\000t\000a\000\040\000d\000e\000\040\000F\000i\000g\000u\000r\000a\000s}{}% 1
\BOOKMARK [0][-]{chapter*.1}{\376\377\000L\000i\000s\000t\000a\000\040\000d\000e\000\040\000T\000a\000b\000l\000a\000s}{}% 2
\BOOKMARK [0][-]{chapter.1}{\376\377\000I\000n\000t\000r\000o\000d\000u\000c\000c\000i\000\363\000n}{}% 3
\BOOKMARK [1][-]{section.1.1}{\376\377\000P\000l\000a\000n\000t\000e\000a\000m\000i\000e\000n\000t\000o\000\040\000d\000e\000l\000\040\000p\000r\000o\000b\000l\000e\000m\000a}{chapter.1}% 4
\BOOKMARK [1][-]{section.1.2}{\376\377\000J\000u\000s\000t\000i\000f\000i\000c\000a\000c\000i\000\363\000n}{chapter.1}% 5
\BOOKMARK [2][-]{subsection.1.2.1}{\376\377\000C\000o\000n\000t\000e\000x\000t\000o\000\040\000G\000l\000o\000b\000a\000l\000\040\000y\000\040\000N\000e\000c\000e\000s\000i\000d\000a\000d\000\040\000C\000l\000\355\000n\000i\000c\000a}{section.1.2}% 6
\BOOKMARK [2][-]{subsection.1.2.2}{\376\377\000E\000s\000t\000a\000d\000o\000\040\000d\000e\000l\000\040\000A\000r\000t\000e\000\040\000y\000\040\000L\000i\000m\000i\000t\000a\000c\000i\000o\000n\000e\000s\000\040\000d\000e\000\040\000E\000n\000f\000o\000q\000u\000e\000s\000\040\000E\000x\000i\000s\000t\000e\000n\000t\000e\000s}{section.1.2}% 7
\BOOKMARK [2][-]{subsection.1.2.3}{\376\377\000C\000o\000n\000t\000r\000i\000b\000u\000c\000i\000\363\000n\000\040\000C\000i\000e\000n\000t\000\355\000f\000i\000c\000a\000\040\000y\000\040\000T\000\351\000c\000n\000i\000c\000a\000\040\000d\000e\000l\000\040\000T\000r\000a\000b\000a\000j\000o}{section.1.2}% 8
\BOOKMARK [2][-]{subsection.1.2.4}{\376\377\000I\000m\000p\000a\000c\000t\000o\000\040\000y\000\040\000A\000p\000l\000i\000c\000a\000c\000i\000o\000n\000e\000s\000\040\000P\000o\000t\000e\000n\000c\000i\000a\000l\000e\000s}{section.1.2}% 9
\BOOKMARK [2][-]{subsection.1.2.5}{\376\377\000R\000e\000l\000e\000v\000a\000n\000c\000i\000a\000\040\000e\000n\000\040\000e\000l\000\040\000C\000o\000n\000t\000e\000x\000t\000o\000\040\000d\000e\000\040\000C\000O\000V\000I\000D\000-\0001\0009\000\040\000y\000\040\000S\000a\000l\000u\000d\000\040\000P\000\372\000b\000l\000i\000c\000a}{section.1.2}% 10
\BOOKMARK [2][-]{subsection.1.2.6}{\376\377\000J\000u\000s\000t\000i\000f\000i\000c\000a\000c\000i\000\363\000n\000\040\000M\000e\000t\000o\000d\000o\000l\000\363\000g\000i\000c\000a}{section.1.2}% 11
\BOOKMARK [1][-]{section.1.3}{\376\377\000O\000b\000j\000e\000t\000i\000v\000o\000s}{chapter.1}% 12
\BOOKMARK [2][-]{subsection.1.3.1}{\376\377\000O\000b\000j\000e\000t\000i\000v\000o\000\040\000g\000e\000n\000e\000r\000a\000l}{section.1.3}% 13
\BOOKMARK [2][-]{subsection.1.3.2}{\376\377\000O\000b\000j\000e\000t\000i\000v\000o\000s\000\040\000e\000s\000p\000e\000c\000\355\000f\000i\000c\000o\000s}{section.1.3}% 14
\BOOKMARK [0][-]{chapter.2}{\376\377\000M\000a\000r\000c\000o\000\040\000T\000e\000\363\000r\000i\000c\000o\000\040\000y\000\040\000E\000s\000t\000a\000d\000o\000\040\000d\000e\000l\000\040\000A\000r\000t\000e}{}% 15
\BOOKMARK [1][-]{section.2.1}{\376\377\000R\000a\000d\000i\000o\000g\000r\000a\000f\000\355\000a\000s\000\040\000d\000e\000\040\000T\000\363\000r\000a\000x\000\040\000e\000n\000\040\000D\000i\000a\000g\000n\000\363\000s\000t\000i\000c\000o\000\040\000M\000\351\000d\000i\000c\000o}{chapter.2}% 16
\BOOKMARK [2][-]{subsection.2.1.1}{\376\377\000P\000r\000i\000n\000c\000i\000p\000i\000o\000s\000\040\000F\000\355\000s\000i\000c\000o\000s\000\040\000d\000e\000\040\000l\000a\000\040\000R\000a\000d\000i\000o\000g\000r\000a\000f\000\355\000a\000\040\000T\000o\000r\000\341\000c\000i\000c\000a}{section.2.1}% 17
\BOOKMARK [2][-]{subsection.2.1.2}{\376\377\000A\000n\000a\000t\000o\000m\000\355\000a\000\040\000T\000o\000r\000\341\000c\000i\000c\000a\000\040\000y\000\040\000D\000e\000f\000i\000n\000i\000c\000i\000\363\000n\000\040\000d\000e\000\040\000L\000a\000n\000d\000m\000a\000r\000k\000s\000\040\000A\000n\000a\000t\000\363\000m\000i\000c\000o\000s}{section.2.1}% 18
\BOOKMARK [2][-]{subsection.2.1.3}{\376\377\000A\000p\000l\000i\000c\000a\000c\000i\000o\000n\000e\000s\000\040\000C\000l\000\355\000n\000i\000c\000a\000s\000\040\000d\000e\000\040\000l\000a\000\040\000L\000o\000c\000a\000l\000i\000z\000a\000c\000i\000\363\000n\000\040\000d\000e\000\040\000L\000a\000n\000d\000m\000a\000r\000k\000s}{section.2.1}% 19
\BOOKMARK [1][-]{section.2.2}{\376\377\000F\000u\000n\000d\000a\000m\000e\000n\000t\000o\000s\000\040\000d\000e\000\040\000A\000p\000r\000e\000n\000d\000i\000z\000a\000j\000e\000\040\000P\000r\000o\000f\000u\000n\000d\000o\000\040\000p\000a\000r\000a\000\040\000V\000i\000s\000i\000\363\000n\000\040\000p\000o\000r\000\040\000C\000o\000m\000p\000u\000t\000a\000d\000o\000r\000a}{chapter.2}% 20
\BOOKMARK [2][-]{subsection.2.2.1}{\376\377\000R\000e\000d\000e\000s\000\040\000N\000e\000u\000r\000o\000n\000a\000l\000e\000s\000\040\000y\000\040\000R\000e\000p\000r\000e\000s\000e\000n\000t\000a\000c\000i\000o\000n\000e\000s\000\040\000J\000e\000r\000\341\000r\000q\000u\000i\000c\000a\000s}{section.2.2}% 21
\BOOKMARK [2][-]{subsection.2.2.2}{\376\377\000R\000e\000d\000e\000s\000\040\000N\000e\000u\000r\000o\000n\000a\000l\000e\000s\000\040\000C\000o\000n\000v\000o\000l\000u\000c\000i\000o\000n\000a\000l\000e\000s}{section.2.2}% 22
\BOOKMARK [2][-]{subsection.2.2.3}{\376\377\000O\000p\000e\000r\000a\000c\000i\000o\000n\000e\000s\000\040\000d\000e\000\040\000S\000u\000b\000m\000u\000e\000s\000t\000r\000e\000o\000\040\000y\000\040\000F\000u\000n\000c\000i\000o\000n\000e\000s\000\040\000d\000e\000\040\000A\000c\000t\000i\000v\000a\000c\000i\000\363\000n}{section.2.2}% 23
\BOOKMARK [2][-]{subsection.2.2.4}{\376\377\000A\000l\000g\000o\000r\000i\000t\000m\000o\000\040\000d\000e\000\040\000R\000e\000t\000r\000o\000p\000r\000o\000p\000a\000g\000a\000c\000i\000\363\000n}{section.2.2}% 24
\BOOKMARK [2][-]{subsection.2.2.5}{\376\377\000A\000l\000g\000o\000r\000i\000t\000m\000o\000s\000\040\000d\000e\000\040\000O\000p\000t\000i\000m\000i\000z\000a\000c\000i\000\363\000n}{section.2.2}% 25
\BOOKMARK [1][-]{section.2.3}{\376\377\000A\000r\000q\000u\000i\000t\000e\000c\000t\000u\000r\000a\000s\000\040\000R\000e\000s\000i\000d\000u\000a\000l\000e\000s\000\040\000P\000r\000o\000f\000u\000n\000d\000a\000s}{chapter.2}% 26
\BOOKMARK [2][-]{subsection.2.3.1}{\376\377\000E\000l\000\040\000P\000r\000o\000b\000l\000e\000m\000a\000\040\000d\000e\000\040\000D\000e\000g\000r\000a\000d\000a\000c\000i\000\363\000n\000\040\000e\000n\000\040\000R\000e\000d\000e\000s\000\040\000P\000r\000o\000f\000u\000n\000d\000a\000s}{section.2.3}% 27
\BOOKMARK [2][-]{subsection.2.3.2}{\376\377\000C\000o\000n\000e\000x\000i\000o\000n\000e\000s\000\040\000R\000e\000s\000i\000d\000u\000a\000l\000e\000s\000\040\000y\000\040\000B\000l\000o\000q\000u\000e\000s\000\040\000R\000e\000s\000i\000d\000u\000a\000l\000e\000s}{section.2.3}% 28
\BOOKMARK [2][-]{subsection.2.3.3}{\376\377\000A\000r\000q\000u\000i\000t\000e\000c\000t\000u\000r\000a\000s\000\040\000d\000e\000\040\000l\000a\000\040\000F\000a\000m\000i\000l\000i\000a\000\040\000R\000e\000s\000N\000e\000t}{section.2.3}% 29
\BOOKMARK [2][-]{subsection.2.3.4}{\376\377\000N\000o\000r\000m\000a\000l\000i\000z\000a\000c\000i\000\363\000n\000\040\000p\000o\000r\000\040\000L\000o\000t\000e\000s}{section.2.3}% 30
\BOOKMARK [2][-]{subsection.2.3.5}{\376\377\000V\000e\000n\000t\000a\000j\000a\000s\000\040\000d\000e\000\040\000A\000r\000q\000u\000i\000t\000e\000c\000t\000u\000r\000a\000s\000\040\000R\000e\000s\000i\000d\000u\000a\000l\000e\000s\000\040\000p\000a\000r\000a\000\040\000I\000m\000\341\000g\000e\000n\000e\000s\000\040\000M\000\351\000d\000i\000c\000a\000s}{section.2.3}% 31
\BOOKMARK [1][-]{section.2.4}{\376\377\000A\000p\000r\000e\000n\000d\000i\000z\000a\000j\000e\000\040\000p\000o\000r\000\040\000T\000r\000a\000n\000s\000f\000e\000r\000e\000n\000c\000i\000a\000\040\000e\000n\000\040\000I\000m\000\341\000g\000e\000n\000e\000s\000\040\000M\000\351\000d\000i\000c\000a\000s}{chapter.2}% 32
\BOOKMARK [2][-]{subsection.2.4.1}{\376\377\000P\000r\000e\000-\000e\000n\000t\000r\000e\000n\000a\000m\000i\000e\000n\000t\000o\000\040\000e\000n\000\040\000I\000m\000a\000g\000e\000N\000e\000t\000\040\000y\000\040\000R\000e\000p\000r\000e\000s\000e\000n\000t\000a\000c\000i\000o\000n\000e\000s\000\040\000T\000r\000a\000n\000s\000f\000e\000r\000i\000b\000l\000e\000s}{section.2.4}% 33
\BOOKMARK [2][-]{subsection.2.4.2}{\376\377\000E\000s\000t\000r\000a\000t\000e\000g\000i\000a\000s\000\040\000d\000e\000\040\000F\000i\000n\000e\000-\000T\000u\000n\000i\000n\000g\000\040\000y\000\040\000A\000d\000a\000p\000t\000a\000c\000i\000\363\000n\000\040\000a\000l\000\040\000D\000o\000m\000i\000n\000i\000o\000\040\000M\000\351\000d\000i\000c\000o}{section.2.4}% 34
\BOOKMARK [2][-]{subsection.2.4.3}{\376\377\000B\000r\000e\000c\000h\000a\000\040\000d\000e\000\040\000D\000o\000m\000i\000n\000i\000o\000\040\000y\000\040\000A\000d\000a\000p\000t\000a\000c\000i\000\363\000n\000\040\000p\000a\000r\000a\000\040\000R\000a\000d\000i\000o\000g\000r\000a\000f\000\355\000a\000s\000\040\000d\000e\000\040\000T\000\363\000r\000a\000x}{section.2.4}% 35
\BOOKMARK [1][-]{section.2.5}{\376\377\000F\000u\000n\000c\000i\000o\000n\000e\000s\000\040\000d\000e\000\040\000P\000\351\000r\000d\000i\000d\000a\000\040\000p\000a\000r\000a\000\040\000R\000e\000g\000r\000e\000s\000i\000\363\000n\000\040\000d\000e\000\040\000C\000o\000o\000r\000d\000e\000n\000a\000d\000a\000s}{chapter.2}% 36
\BOOKMARK [2][-]{subsection.2.5.1}{\376\377\000E\000r\000r\000o\000r\000\040\000C\000u\000a\000d\000r\000\341\000t\000i\000c\000o\000\040\000M\000e\000d\000i\000o}{section.2.5}% 37
\BOOKMARK [2][-]{subsection.2.5.2}{\376\377\000W\000i\000n\000g\000\040\000L\000o\000s\000s\000:\000\040\000A\000m\000p\000l\000i\000f\000i\000c\000a\000c\000i\000\363\000n\000\040\000d\000e\000\040\000G\000r\000a\000d\000i\000e\000n\000t\000e\000s\000\040\000p\000a\000r\000a\000\040\000E\000r\000r\000o\000r\000e\000s\000\040\000P\000e\000q\000u\000e\000\361\000o\000s}{section.2.5}% 38
\BOOKMARK [2][-]{subsection.2.5.3}{\376\377\000R\000e\000s\000t\000r\000i\000c\000c\000i\000o\000n\000e\000s\000\040\000G\000e\000o\000m\000\351\000t\000r\000i\000c\000a\000s\000:\000\040\000S\000y\000m\000m\000e\000t\000r\000y\000\040\000L\000o\000s\000s\000\040\000y\000\040\000D\000i\000s\000t\000a\000n\000c\000e\000\040\000P\000r\000e\000s\000e\000r\000v\000a\000t\000i\000o\000n\000\040\000L\000o\000s\000s}{section.2.5}% 39
\BOOKMARK [1][-]{section.2.6}{\376\377\000E\000n\000f\000o\000q\000u\000e\000s\000\040\000d\000e\000\040\000R\000e\000g\000r\000e\000s\000i\000\363\000n\000\040\000p\000a\000r\000a\000\040\000D\000e\000t\000e\000c\000c\000i\000\363\000n\000\040\000d\000e\000\040\000L\000a\000n\000d\000m\000a\000r\000k\000s}{chapter.2}% 40
\BOOKMARK [2][-]{subsection.2.6.1}{\376\377\000R\000e\000g\000r\000e\000s\000i\000\363\000n\000\040\000D\000i\000r\000e\000c\000t\000a\000\040\000d\000e\000\040\000C\000o\000o\000r\000d\000e\000n\000a\000d\000a\000s}{section.2.6}% 41
\BOOKMARK [2][-]{subsection.2.6.2}{\376\377\000R\000e\000g\000r\000e\000s\000i\000\363\000n\000\040\000d\000e\000\040\000M\000a\000p\000a\000s\000\040\000d\000e\000\040\000C\000a\000l\000o\000r}{section.2.6}% 42
\BOOKMARK [2][-]{subsection.2.6.3}{\376\377\000C\000o\000m\000p\000a\000r\000a\000c\000i\000\363\000n\000\040\000y\000\040\000S\000e\000l\000e\000c\000c\000i\000\363\000n\000\040\000d\000e\000\040\000E\000n\000f\000o\000q\000u\000e}{section.2.6}% 43
\BOOKMARK [1][-]{section.2.7}{\376\377\000E\000s\000t\000a\000d\000o\000\040\000d\000e\000l\000\040\000A\000r\000t\000e\000\040\000e\000n\000\040\000D\000e\000t\000e\000c\000c\000i\000\363\000n\000\040\000A\000u\000t\000o\000m\000\341\000t\000i\000c\000a\000\040\000d\000e\000\040\000L\000a\000n\000d\000m\000a\000r\000k\000s\000\040\000A\000n\000a\000t\000\363\000m\000i\000c\000o\000s}{chapter.2}% 44
\BOOKMARK [2][-]{subsection.2.7.1}{\376\377\000M\000\351\000t\000o\000d\000o\000s\000\040\000B\000a\000s\000a\000d\000o\000s\000\040\000e\000n\000\040\000R\000e\000g\000r\000e\000s\000i\000\363\000n\000\040\000d\000e\000\040\000C\000o\000o\000r\000d\000e\000n\000a\000d\000a\000s}{section.2.7}% 45
\BOOKMARK [2][-]{subsection.2.7.2}{\376\377\000M\000\351\000t\000o\000d\000o\000s\000\040\000B\000a\000s\000a\000d\000o\000s\000\040\000e\000n\000\040\000M\000a\000p\000a\000s\000\040\000d\000e\000\040\000C\000a\000l\000o\000r}{section.2.7}% 46
\BOOKMARK [2][-]{subsection.2.7.3}{\376\377\000M\000\351\000t\000o\000d\000o\000s\000\040\000H\000\355\000b\000r\000i\000d\000o\000s\000\040\000y\000\040\000B\000a\000s\000a\000d\000o\000s\000\040\000e\000n\000\040\000T\000r\000a\000n\000s\000f\000o\000r\000m\000e\000r\000s}{section.2.7}% 47
\BOOKMARK [2][-]{subsection.2.7.4}{\376\377\000F\000u\000n\000c\000i\000o\000n\000e\000s\000\040\000d\000e\000\040\000P\000\351\000r\000d\000i\000d\000a\000\040\000E\000s\000p\000e\000c\000i\000a\000l\000i\000z\000a\000d\000a\000s\000\040\000y\000\040\000R\000e\000s\000t\000r\000i\000c\000c\000i\000o\000n\000e\000s\000\040\000G\000e\000o\000m\000\351\000t\000r\000i\000c\000a\000s}{section.2.7}% 48
\BOOKMARK [2][-]{subsection.2.7.5}{\376\377\000A\000n\000\341\000l\000i\000s\000i\000s\000\040\000C\000o\000m\000p\000a\000r\000a\000t\000i\000v\000o\000\040\000y\000\040\000P\000o\000s\000i\000c\000i\000o\000n\000a\000m\000i\000e\000n\000t\000o\000\040\000d\000e\000l\000\040\000P\000r\000e\000s\000e\000n\000t\000e\000\040\000T\000r\000a\000b\000a\000j\000o}{section.2.7}% 49
\BOOKMARK [1][-]{section.2.8}{\376\377\000S\000\355\000n\000t\000e\000s\000i\000s\000\040\000d\000e\000l\000\040\000M\000a\000r\000c\000o\000\040\000T\000e\000\363\000r\000i\000c\000o}{chapter.2}% 50
\BOOKMARK [0][-]{chapter.3}{\376\377\000M\000e\000t\000o\000d\000o\000l\000o\000g\000\355\000a}{}% 51
\BOOKMARK [1][-]{section.3.1}{\376\377\000I\000n\000t\000r\000o\000d\000u\000c\000c\000i\000\363\000n}{chapter.3}% 52
\BOOKMARK [1][-]{section.3.2}{\376\377\000C\000o\000n\000j\000u\000n\000t\000o\000\040\000d\000e\000\040\000D\000a\000t\000o\000s}{chapter.3}% 53
\BOOKMARK [2][-]{subsection.3.2.1}{\376\377\000D\000e\000s\000c\000r\000i\000p\000c\000i\000\363\000n\000\040\000G\000e\000n\000e\000r\000a\000l\000\040\000y\000\040\000C\000o\000m\000p\000o\000s\000i\000c\000i\000\363\000n}{section.3.2}% 54
\BOOKMARK [2][-]{subsection.3.2.2}{\376\377\000C\000a\000r\000a\000c\000t\000e\000r\000\355\000s\000t\000i\000c\000a\000s\000\040\000T\000\351\000c\000n\000i\000c\000a\000s\000\040\000d\000e\000\040\000l\000a\000s\000\040\000I\000m\000\341\000g\000e\000n\000e\000s}{section.3.2}% 55
\BOOKMARK [2][-]{subsection.3.2.3}{\376\377\000D\000e\000f\000i\000n\000i\000c\000i\000\363\000n\000\040\000d\000e\000\040\000L\000a\000n\000d\000m\000a\000r\000k\000s\000\040\000A\000n\000a\000t\000\363\000m\000i\000c\000o\000s}{section.3.2}% 56
\BOOKMARK [2][-]{subsection.3.2.4}{\376\377\000P\000a\000r\000e\000s\000\040\000d\000e\000\040\000L\000a\000n\000d\000m\000a\000r\000k\000s\000\040\000S\000i\000m\000\351\000t\000r\000i\000c\000o\000s\000\040\000y\000\040\000E\000j\000e\000\040\000M\000e\000d\000i\000a\000s\000t\000\355\000n\000i\000c\000o}{section.3.2}% 57
\BOOKMARK [2][-]{subsection.3.2.5}{\376\377\000D\000i\000v\000i\000s\000i\000\363\000n\000\040\000d\000e\000l\000\040\000D\000a\000t\000a\000s\000e\000t\000\040\000p\000a\000r\000a\000\040\000E\000n\000t\000r\000e\000n\000a\000m\000i\000e\000n\000t\000o\000,\000\040\000V\000a\000l\000i\000d\000a\000c\000i\000\363\000n\000\040\000y\000\040\000P\000r\000u\000e\000b\000a}{section.3.2}% 58
\BOOKMARK [2][-]{subsection.3.2.6}{\376\377\000C\000a\000l\000i\000d\000a\000d\000\040\000y\000\040\000V\000a\000l\000i\000d\000a\000c\000i\000\363\000n\000\040\000d\000e\000\040\000A\000n\000o\000t\000a\000c\000i\000o\000n\000e\000s}{section.3.2}% 59
\BOOKMARK [1][-]{section.3.3}{\376\377\000A\000r\000q\000u\000i\000t\000e\000c\000t\000u\000r\000a\000\040\000d\000e\000l\000\040\000M\000o\000d\000e\000l\000o}{chapter.3}% 60
\BOOKMARK [2][-]{subsection.3.3.1}{\376\377\000B\000a\000c\000k\000b\000o\000n\000e\000\040\000R\000e\000s\000N\000e\000t\000-\0001\0008\000:\000\040\000E\000x\000t\000r\000a\000c\000t\000o\000r\000\040\000d\000e\000\040\000C\000a\000r\000a\000c\000t\000e\000r\000\355\000s\000t\000i\000c\000a\000s\000\040\000V\000i\000s\000u\000a\000l\000e\000s}{section.3.3}% 61
\BOOKMARK [2][-]{subsection.3.3.2}{\376\377\000M\000\363\000d\000u\000l\000o\000\040\000d\000e\000\040\000R\000e\000g\000r\000e\000s\000i\000\363\000n\000:\000\040\000M\000a\000p\000e\000o\000\040\000d\000e\000\040\000C\000a\000r\000a\000c\000t\000e\000r\000\355\000s\000t\000i\000c\000a\000s\000\040\000a\000\040\000C\000o\000o\000r\000d\000e\000n\000a\000d\000a\000s}{section.3.3}% 62
\BOOKMARK [2][-]{subsection.3.3.3}{\376\377\000D\000i\000s\000t\000r\000i\000b\000u\000c\000i\000\363\000n\000\040\000d\000e\000\040\000P\000a\000r\000\341\000m\000e\000t\000r\000o\000s\000\040\000y\000\040\000C\000o\000m\000p\000l\000e\000j\000i\000d\000a\000d\000\040\000C\000o\000m\000p\000u\000t\000a\000c\000i\000o\000n\000a\000l}{section.3.3}% 63
\BOOKMARK [2][-]{subsection.3.3.4}{\376\377\000A\000r\000q\000u\000i\000t\000e\000c\000t\000u\000r\000a\000\040\000E\000x\000p\000e\000r\000i\000m\000e\000n\000t\000a\000l\000:\000\040\000I\000n\000t\000e\000g\000r\000a\000c\000i\000\363\000n\000\040\000d\000e\000\040\000C\000o\000o\000r\000d\000i\000n\000a\000t\000e\000\040\000A\000t\000t\000e\000n\000t\000i\000o\000n}{section.3.3}% 64
\BOOKMARK [1][-]{section.3.4}{\376\377\000P\000i\000p\000e\000l\000i\000n\000e\000\040\000d\000e\000\040\000p\000r\000e\000p\000r\000o\000c\000e\000s\000a\000m\000i\000e\000n\000t\000o\000\040\000y\000\040\000a\000u\000m\000e\000n\000t\000a\000c\000i\000\363\000n\000\040\000d\000e\000\040\000d\000a\000t\000o\000s}{chapter.3}% 65
\BOOKMARK [2][-]{subsection.3.4.1}{\376\377\000P\000r\000e\000p\000r\000o\000c\000e\000s\000a\000m\000i\000e\000n\000t\000o\000\040\000d\000e\000t\000e\000r\000m\000i\000n\000\355\000s\000t\000i\000c\000o}{section.3.4}% 66
\BOOKMARK [2][-]{subsection.3.4.2}{\376\377\000A\000u\000m\000e\000n\000t\000a\000c\000i\000\363\000n\000\040\000e\000s\000t\000o\000c\000\341\000s\000t\000i\000c\000a\000\040\000d\000e\000\040\000d\000a\000t\000o\000s}{section.3.4}% 67
\BOOKMARK [2][-]{subsection.3.4.3}{\376\377\000O\000r\000d\000e\000n\000\040\000d\000e\000\040\000a\000p\000l\000i\000c\000a\000c\000i\000\363\000n\000\040\000y\000\040\000c\000o\000m\000p\000o\000s\000i\000c\000i\000\363\000n\000\040\000d\000e\000\040\000t\000r\000a\000n\000s\000f\000o\000r\000m\000a\000c\000i\000o\000n\000e\000s}{section.3.4}% 68
\BOOKMARK [2][-]{subsection.3.4.4}{\376\377\000S\000\355\000n\000t\000e\000s\000i\000s\000\040\000d\000e\000l\000\040\000p\000i\000p\000e\000l\000i\000n\000e}{section.3.4}% 69
\BOOKMARK [1][-]{section.3.5}{\376\377\000E\000s\000t\000r\000a\000t\000e\000g\000i\000a\000\040\000d\000e\000\040\000E\000n\000t\000r\000e\000n\000a\000m\000i\000e\000n\000t\000o\000\040\000P\000r\000o\000g\000r\000e\000s\000i\000v\000o}{chapter.3}% 70
\BOOKMARK [2][-]{subsection.3.5.1}{\376\377\000F\000a\000s\000e\000\040\0001\000:\000\040\000E\000n\000t\000r\000e\000n\000a\000m\000i\000e\000n\000t\000o\000\040\000d\000e\000l\000\040\000M\000\363\000d\000u\000l\000o\000\040\000d\000e\000\040\000R\000e\000g\000r\000e\000s\000i\000\363\000n\000\040\000c\000o\000n\000\040\000B\000a\000c\000k\000b\000o\000n\000e\000\040\000C\000o\000n\000g\000e\000l\000a\000d\000o}{section.3.5}% 71
\BOOKMARK [2][-]{subsection.3.5.2}{\376\377\000F\000a\000s\000e\000\040\0002\000:\000\040\000F\000i\000n\000e\000-\000T\000u\000n\000i\000n\000g\000\040\000C\000o\000m\000p\000l\000e\000t\000o\000\040\000c\000o\000n\000\040\000W\000i\000n\000g\000\040\000L\000o\000s\000s}{section.3.5}% 72
\BOOKMARK [2][-]{subsection.3.5.3}{\376\377\000F\000a\000s\000e\000\040\0003\000:\000\040\000I\000n\000c\000o\000r\000p\000o\000r\000a\000c\000i\000\363\000n\000\040\000d\000e\000\040\000S\000y\000m\000m\000e\000t\000r\000y\000\040\000L\000o\000s\000s\000\040\000p\000a\000r\000a\000\040\000C\000o\000n\000s\000i\000s\000t\000e\000n\000c\000i\000a\000\040\000B\000i\000l\000a\000t\000e\000r\000a\000l}{section.3.5}% 73
\BOOKMARK [2][-]{subsection.3.5.4}{\376\377\000F\000a\000s\000e\000\040\0004\000:\000\040\000C\000o\000m\000p\000l\000e\000t\000e\000\040\000L\000o\000s\000s\000\040\000c\000o\000n\000\040\000P\000r\000e\000s\000e\000r\000v\000a\000c\000i\000\363\000n\000\040\000d\000e\000\040\000D\000i\000s\000t\000a\000n\000c\000i\000a\000s\000\040\000A\000n\000a\000t\000\363\000m\000i\000c\000a\000s}{section.3.5}% 74
\BOOKMARK [2][-]{subsection.3.5.5}{\376\377\000E\000s\000t\000r\000a\000t\000e\000g\000i\000a\000\040\000d\000e\000\040\000W\000a\000r\000m\000-\000S\000t\000a\000r\000t\000\040\000e\000n\000t\000r\000e\000\040\000F\000a\000s\000e\000s}{section.3.5}% 75
\BOOKMARK [1][-]{section.3.6}{\376\377\000D\000e\000t\000a\000l\000l\000e\000s\000\040\000d\000e\000\040\000i\000m\000p\000l\000e\000m\000e\000n\000t\000a\000c\000i\000\363\000n\000\040\000y\000\040\000r\000e\000p\000r\000o\000d\000u\000c\000i\000b\000i\000l\000i\000d\000a\000d}{chapter.3}% 76
\BOOKMARK [2][-]{subsection.3.6.1}{\376\377\000F\000r\000a\000m\000e\000w\000o\000r\000k\000s\000\040\000y\000\040\000l\000i\000b\000r\000e\000r\000\355\000a\000s}{section.3.6}% 77
\BOOKMARK [2][-]{subsection.3.6.2}{\376\377\000E\000s\000p\000e\000c\000i\000f\000i\000c\000a\000c\000i\000o\000n\000e\000s\000\040\000d\000e\000\040\000h\000a\000r\000d\000w\000a\000r\000e\000\040\000y\000\040\000c\000o\000n\000f\000i\000g\000u\000r\000a\000c\000i\000\363\000n\000\040\000c\000o\000m\000p\000u\000t\000a\000c\000i\000o\000n\000a\000l}{section.3.6}% 78
\BOOKMARK [2][-]{subsection.3.6.3}{\376\377\000T\000i\000e\000m\000p\000o\000s\000\040\000d\000e\000\040\000e\000n\000t\000r\000e\000n\000a\000m\000i\000e\000n\000t\000o}{section.3.6}% 79
\BOOKMARK [2][-]{subsection.3.6.4}{\376\377\000P\000r\000o\000t\000o\000c\000o\000l\000o\000s\000\040\000d\000e\000\040\000r\000e\000p\000r\000o\000d\000u\000c\000i\000b\000i\000l\000i\000d\000a\000d}{section.3.6}% 80
\BOOKMARK [2][-]{subsection.3.6.5}{\376\377\000G\000e\000s\000t\000i\000\363\000n\000\040\000d\000e\000\040\000e\000x\000p\000e\000r\000i\000m\000e\000n\000t\000o\000s\000\040\000y\000\040\000c\000h\000e\000c\000k\000p\000o\000i\000n\000t\000s}{section.3.6}% 81
\BOOKMARK [2][-]{subsection.3.6.6}{\376\377\000S\000\355\000n\000t\000e\000s\000i\000s\000\040\000d\000e\000\040\000i\000m\000p\000l\000e\000m\000e\000n\000t\000a\000c\000i\000\363\000n}{section.3.6}% 82
\BOOKMARK [1][-]{section.3.7}{\376\377\000M\000\351\000t\000r\000i\000c\000a\000s\000\040\000d\000e\000\040\000e\000v\000a\000l\000u\000a\000c\000i\000\363\000n}{chapter.3}% 83
\BOOKMARK [2][-]{subsection.3.7.1}{\376\377\000E\000r\000r\000o\000r\000\040\000R\000a\000d\000i\000a\000l\000\040\000M\000e\000d\000i\000o\000\040\000\050\000M\000R\000E\000\051}{section.3.7}% 84
\BOOKMARK [2][-]{subsection.3.7.2}{\376\377\000E\000r\000r\000o\000r\000\040\000p\000o\000r\000\040\000l\000a\000n\000d\000m\000a\000r\000k\000\040\000i\000n\000d\000i\000v\000i\000d\000u\000a\000l}{section.3.7}% 85
\BOOKMARK [2][-]{subsection.3.7.3}{\376\377\000M\000\351\000t\000r\000i\000c\000a\000s\000\040\000d\000e\000\040\000c\000o\000n\000s\000i\000s\000t\000e\000n\000c\000i\000a\000\040\000g\000e\000o\000m\000\351\000t\000r\000i\000c\000a}{section.3.7}% 86
\BOOKMARK [2][-]{subsection.3.7.4}{\376\377\000S\000i\000s\000t\000e\000m\000a\000\040\000d\000e\000\040\000c\000l\000a\000s\000i\000f\000i\000c\000a\000c\000i\000\363\000n\000\040\000p\000o\000r\000\040\000c\000a\000l\000i\000d\000a\000d\000\040\000c\000l\000\355\000n\000i\000c\000a}{section.3.7}% 87
\BOOKMARK [2][-]{subsection.3.7.5}{\376\377\000P\000r\000o\000t\000o\000c\000o\000l\000o\000\040\000d\000e\000\040\000v\000a\000l\000i\000d\000a\000c\000i\000\363\000n}{section.3.7}% 88
\BOOKMARK [2][-]{subsection.3.7.6}{\376\377\000S\000\355\000n\000t\000e\000s\000i\000s\000\040\000d\000e\000\040\000m\000\351\000t\000r\000i\000c\000a\000s}{section.3.7}% 89
\BOOKMARK [0][-]{subsection.3.7.6}{\376\377\000B\000i\000b\000l\000i\000o\000g\000r\000a\000f\000\355\000a}{}% 90
