\BOOKMARK [0][-]{chapter*.2}{\376\377\000A\000g\000r\000a\000d\000e\000c\000i\000m\000i\000e\000n\000t\000o\000s}{}% 1
\BOOKMARK [0][-]{chapter*.3}{\376\377\000R\000e\000s\000u\000m\000e\000n}{}% 2
\BOOKMARK [0][-]{chapter*.4}{\376\377\000A\000b\000s\000t\000r\000a\000c\000t}{}% 3
\BOOKMARK [0][-]{chapter*.6}{\376\377\000L\000i\000s\000t\000a\000\040\000d\000e\000\040\000F\000i\000g\000u\000r\000a\000s}{}% 4
\BOOKMARK [0][-]{chapter*.7}{\376\377\000L\000i\000s\000t\000a\000\040\000d\000e\000\040\000T\000a\000b\000l\000a\000s}{}% 5
\BOOKMARK [0][-]{chapter*.8}{\376\377\000L\000i\000s\000t\000a\000\040\000d\000e\000\040\000A\000l\000g\000o\000r\000i\000t\000m\000o\000s}{}% 6
\BOOKMARK [0][-]{chapter*.9}{\376\377\000L\000i\000s\000t\000a\000\040\000d\000e\000\040\000C\000o\000d\000i\000g\000o\000s}{}% 7
\BOOKMARK [0][-]{chapter*.10}{\376\377\000L\000i\000s\000t\000a\000\040\000d\000e\000\040\000S\000i\000m\000b\000o\000l\000o\000s\000\040\000y\000\040\000A\000b\000r\000e\000v\000i\000a\000t\000u\000r\000a\000s}{}% 8
\BOOKMARK [0][-]{chapter.1}{\376\377\0001\000\040\000I\000n\000t\000r\000o\000d\000u\000c\000c\000i\000o\000n}{}% 9
\BOOKMARK [1][-]{section.1.1}{\376\377\0001\000.\0001\000\040\000C\000o\000n\000t\000e\000x\000t\000o\000\040\000y\000\040\000M\000o\000t\000i\000v\000a\000c\000i\000o\000n}{chapter.1}% 10
\BOOKMARK [1][-]{section.1.2}{\376\377\0001\000.\0002\000\040\000P\000r\000o\000b\000l\000e\000m\000a\000t\000i\000c\000a}{chapter.1}% 11
\BOOKMARK [2][-]{subsection.1.2.1}{\376\377\0001\000.\0002\000.\0001\000\040\000V\000a\000r\000i\000a\000b\000i\000l\000i\000d\000a\000d\000\040\000A\000n\000a\000t\000o\000m\000i\000c\000a}{section.1.2}% 12
\BOOKMARK [2][-]{subsection.1.2.2}{\376\377\0001\000.\0002\000.\0002\000\040\000P\000r\000e\000s\000e\000n\000c\000i\000a\000\040\000d\000e\000\040\000P\000a\000t\000o\000l\000o\000g\000i\000a}{section.1.2}% 13
\BOOKMARK [2][-]{subsection.1.2.3}{\376\377\0001\000.\0002\000.\0003\000\040\000L\000i\000m\000i\000t\000a\000c\000i\000o\000n\000e\000s\000\040\000d\000e\000l\000\040\000E\000t\000i\000q\000u\000e\000t\000a\000d\000o}{section.1.2}% 14
\BOOKMARK [2][-]{subsection.1.2.4}{\376\377\0001\000.\0002\000.\0004\000\040\000D\000e\000s\000b\000a\000l\000a\000n\000c\000e\000\040\000d\000e\000\040\000D\000a\000t\000o\000s}{section.1.2}% 15
\BOOKMARK [1][-]{section.1.3}{\376\377\0001\000.\0003\000\040\000O\000b\000j\000e\000t\000i\000v\000o\000s}{chapter.1}% 16
\BOOKMARK [2][-]{subsection.1.3.1}{\376\377\0001\000.\0003\000.\0001\000\040\000O\000b\000j\000e\000t\000i\000v\000o\000\040\000G\000e\000n\000e\000r\000a\000l}{section.1.3}% 17
\BOOKMARK [2][-]{subsection.1.3.2}{\376\377\0001\000.\0003\000.\0002\000\040\000O\000b\000j\000e\000t\000i\000v\000o\000s\000\040\000E\000s\000p\000e\000c\000i\000f\000i\000c\000o\000s}{section.1.3}% 18
\BOOKMARK [1][-]{section.1.4}{\376\377\0001\000.\0004\000\040\000C\000o\000n\000t\000r\000i\000b\000u\000c\000i\000o\000n\000e\000s\000\040\000d\000e\000\040\000l\000a\000\040\000T\000e\000s\000i\000s}{chapter.1}% 19
\BOOKMARK [1][-]{section.1.5}{\376\377\0001\000.\0005\000\040\000A\000l\000c\000a\000n\000c\000e\000s\000\040\000y\000\040\000L\000i\000m\000i\000t\000a\000c\000i\000o\000n\000e\000s}{chapter.1}% 20
\BOOKMARK [2][-]{subsection.1.5.1}{\376\377\0001\000.\0005\000.\0001\000\040\000A\000l\000c\000a\000n\000c\000e\000s}{section.1.5}% 21
\BOOKMARK [2][-]{subsection.1.5.2}{\376\377\0001\000.\0005\000.\0002\000\040\000L\000i\000m\000i\000t\000a\000c\000i\000o\000n\000e\000s}{section.1.5}% 22
\BOOKMARK [1][-]{section.1.6}{\376\377\0001\000.\0006\000\040\000M\000e\000t\000o\000d\000o\000l\000o\000g\000i\000a\000\040\000d\000e\000\040\000I\000n\000v\000e\000s\000t\000i\000g\000a\000c\000i\000o\000n}{chapter.1}% 23
\BOOKMARK [1][-]{section.1.7}{\376\377\0001\000.\0007\000\040\000O\000r\000g\000a\000n\000i\000z\000a\000c\000i\000o\000n\000\040\000d\000e\000l\000\040\000D\000o\000c\000u\000m\000e\000n\000t\000o}{chapter.1}% 24
\BOOKMARK [0][-]{chapter.2}{\376\377\0002\000\040\000M\000a\000r\000c\000o\000\040\000T\000e\000o\000r\000i\000c\000o}{}% 25
\BOOKMARK [1][-]{section.2.1}{\376\377\0002\000.\0001\000\040\000R\000e\000d\000e\000s\000\040\000N\000e\000u\000r\000o\000n\000a\000l\000e\000s\000\040\000A\000r\000t\000i\000f\000i\000c\000i\000a\000l\000e\000s}{chapter.2}% 26
\BOOKMARK [2][-]{subsection.2.1.1}{\376\377\0002\000.\0001\000.\0001\000\040\000P\000e\000r\000c\000e\000p\000t\000r\000o\000n\000\040\000y\000\040\000R\000e\000d\000e\000s\000\040\000M\000u\000l\000t\000i\000c\000a\000p\000a}{section.2.1}% 27
\BOOKMARK [2][-]{subsection.2.1.2}{\376\377\0002\000.\0001\000.\0002\000\040\000F\000u\000n\000c\000i\000o\000n\000e\000s\000\040\000d\000e\000\040\000A\000c\000t\000i\000v\000a\000c\000i\000o\000n}{section.2.1}% 28
\BOOKMARK [2][-]{subsection.2.1.3}{\376\377\0002\000.\0001\000.\0003\000\040\000A\000p\000r\000e\000n\000d\000i\000z\000a\000j\000e\000\040\000p\000o\000r\000\040\000R\000e\000t\000r\000o\000p\000r\000o\000p\000a\000g\000a\000c\000i\000o\000n}{section.2.1}% 29
\BOOKMARK [1][-]{section.2.2}{\376\377\0002\000.\0002\000\040\000R\000e\000d\000e\000s\000\040\000N\000e\000u\000r\000o\000n\000a\000l\000e\000s\000\040\000C\000o\000n\000v\000o\000l\000u\000c\000i\000o\000n\000a\000l\000e\000s}{chapter.2}% 30
\BOOKMARK [2][-]{subsection.2.2.1}{\376\377\0002\000.\0002\000.\0001\000\040\000O\000p\000e\000r\000a\000c\000i\000o\000n\000\040\000d\000e\000\040\000C\000o\000n\000v\000o\000l\000u\000c\000i\000o\000n}{section.2.2}% 31
\BOOKMARK [2][-]{subsection.2.2.2}{\376\377\0002\000.\0002\000.\0002\000\040\000C\000a\000p\000a\000s\000\040\000d\000e\000\040\000P\000o\000o\000l\000i\000n\000g}{section.2.2}% 32
\BOOKMARK [2][-]{subsection.2.2.3}{\376\377\0002\000.\0002\000.\0003\000\040\000A\000r\000q\000u\000i\000t\000e\000c\000t\000u\000r\000a\000\040\000T\000i\000p\000i\000c\000a\000\040\000d\000e\000\040\000u\000n\000a\000\040\000C\000N\000N}{section.2.2}% 33
\BOOKMARK [1][-]{section.2.3}{\376\377\0002\000.\0003\000\040\000A\000r\000q\000u\000i\000t\000e\000c\000t\000u\000r\000a\000s\000\040\000d\000e\000\040\000D\000e\000e\000p\000\040\000L\000e\000a\000r\000n\000i\000n\000g}{chapter.2}% 34
\BOOKMARK [2][-]{subsection.2.3.1}{\376\377\0002\000.\0003\000.\0001\000\040\000L\000e\000N\000e\000t\000-\0005\000\040\000\050\0001\0009\0009\0008\000\051}{section.2.3}% 35
\BOOKMARK [2][-]{subsection.2.3.2}{\376\377\0002\000.\0003\000.\0002\000\040\000A\000l\000e\000x\000N\000e\000t\000\040\000\050\0002\0000\0001\0002\000\051}{section.2.3}% 36
\BOOKMARK [2][-]{subsection.2.3.3}{\376\377\0002\000.\0003\000.\0003\000\040\000V\000G\000G\000N\000e\000t\000\040\000\050\0002\0000\0001\0004\000\051}{section.2.3}% 37
\BOOKMARK [2][-]{subsection.2.3.4}{\376\377\0002\000.\0003\000.\0004\000\040\000R\000e\000s\000N\000e\000t\000\040\000\050\0002\0000\0001\0005\000\051}{section.2.3}% 38
\BOOKMARK [1][-]{section.2.4}{\376\377\0002\000.\0004\000\040\000T\000r\000a\000n\000s\000f\000e\000r\000\040\000L\000e\000a\000r\000n\000i\000n\000g}{chapter.2}% 39
\BOOKMARK [2][-]{subsection.2.4.1}{\376\377\0002\000.\0004\000.\0001\000\040\000M\000o\000t\000i\000v\000a\000c\000i\000o\000n}{section.2.4}% 40
\BOOKMARK [2][-]{subsection.2.4.2}{\376\377\0002\000.\0004\000.\0002\000\040\000E\000s\000t\000r\000a\000t\000e\000g\000i\000a\000s\000\040\000d\000e\000\040\000T\000r\000a\000n\000s\000f\000e\000r\000\040\000L\000e\000a\000r\000n\000i\000n\000g}{section.2.4}% 41
\BOOKMARK [1][-]{section.2.5}{\376\377\0002\000.\0005\000\040\000M\000e\000c\000a\000n\000i\000s\000m\000o\000s\000\040\000d\000e\000\040\000A\000t\000e\000n\000c\000i\000o\000n}{chapter.2}% 42
\BOOKMARK [2][-]{subsection.2.5.1}{\376\377\0002\000.\0005\000.\0001\000\040\000S\000e\000l\000f\000-\000A\000t\000t\000e\000n\000t\000i\000o\000n}{section.2.5}% 43
\BOOKMARK [2][-]{subsection.2.5.2}{\376\377\0002\000.\0005\000.\0002\000\040\000C\000o\000o\000r\000d\000i\000n\000a\000t\000e\000\040\000A\000t\000t\000e\000n\000t\000i\000o\000n}{section.2.5}% 44
\BOOKMARK [1][-]{section.2.6}{\376\377\0002\000.\0006\000\040\000F\000u\000n\000c\000i\000o\000n\000e\000s\000\040\000d\000e\000\040\000P\000e\000r\000d\000i\000d\000a\000\040\000p\000a\000r\000a\000\040\000D\000e\000t\000e\000c\000c\000i\000o\000n\000\040\000d\000e\000\040\000L\000a\000n\000d\000m\000a\000r\000k\000s}{chapter.2}% 45
\BOOKMARK [2][-]{subsection.2.6.1}{\376\377\0002\000.\0006\000.\0001\000\040\000M\000e\000a\000n\000\040\000S\000q\000u\000a\000r\000e\000d\000\040\000E\000r\000r\000o\000r\000\040\000\050\000M\000S\000E\000\051}{section.2.6}% 46
\BOOKMARK [2][-]{subsection.2.6.2}{\376\377\0002\000.\0006\000.\0002\000\040\000W\000i\000n\000g\000\040\000L\000o\000s\000s}{section.2.6}% 47
\BOOKMARK [2][-]{subsection.2.6.3}{\376\377\0002\000.\0006\000.\0003\000\040\000A\000d\000a\000p\000t\000i\000v\000e\000\040\000W\000i\000n\000g\000\040\000L\000o\000s\000s}{section.2.6}% 48
\BOOKMARK [1][-]{section.2.7}{\376\377\0002\000.\0007\000\040\000T\000e\000c\000n\000i\000c\000a\000s\000\040\000d\000e\000\040\000R\000e\000g\000u\000l\000a\000r\000i\000z\000a\000c\000i\000o\000n}{chapter.2}% 49
\BOOKMARK [2][-]{subsection.2.7.1}{\376\377\0002\000.\0007\000.\0001\000\040\000D\000r\000o\000p\000o\000u\000t}{section.2.7}% 50
\BOOKMARK [2][-]{subsection.2.7.2}{\376\377\0002\000.\0007\000.\0002\000\040\000N\000o\000r\000m\000a\000l\000i\000z\000a\000c\000i\000o\000n\000\040\000p\000o\000r\000\040\000L\000o\000t\000e\000s\000\040\000y\000\040\000G\000r\000u\000p\000o\000s}{section.2.7}% 51
\BOOKMARK [2][-]{subsection.2.7.3}{\376\377\0002\000.\0007\000.\0003\000\040\000D\000a\000t\000a\000\040\000A\000u\000g\000m\000e\000n\000t\000a\000t\000i\000o\000n}{section.2.7}% 52
\BOOKMARK [1][-]{section.2.8}{\376\377\0002\000.\0008\000\040\000P\000r\000e\000p\000r\000o\000c\000e\000s\000a\000m\000i\000e\000n\000t\000o\000\040\000d\000e\000\040\000I\000m\000a\000g\000e\000n\000e\000s\000\040\000M\000e\000d\000i\000c\000a\000s}{chapter.2}% 53
\BOOKMARK [2][-]{subsection.2.8.1}{\376\377\0002\000.\0008\000.\0001\000\040\000C\000L\000A\000H\000E}{section.2.8}% 54
\BOOKMARK [2][-]{subsection.2.8.2}{\376\377\0002\000.\0008\000.\0002\000\040\000N\000o\000r\000m\000a\000l\000i\000z\000a\000c\000i\000o\000n\000\040\000I\000m\000a\000g\000e\000N\000e\000t}{section.2.8}% 55
\BOOKMARK [1][-]{section.2.9}{\376\377\0002\000.\0009\000\040\000E\000n\000s\000e\000m\000b\000l\000e\000\040\000L\000e\000a\000r\000n\000i\000n\000g}{chapter.2}% 56
\BOOKMARK [2][-]{subsection.2.9.1}{\376\377\0002\000.\0009\000.\0001\000\040\000M\000o\000t\000i\000v\000a\000c\000i\000o\000n\000\040\000T\000e\000o\000r\000i\000c\000a}{section.2.9}% 57
\BOOKMARK [2][-]{subsection.2.9.2}{\376\377\0002\000.\0009\000.\0002\000\040\000E\000s\000t\000r\000a\000t\000e\000g\000i\000a\000s\000\040\000d\000e\000\040\000E\000n\000s\000e\000m\000b\000l\000e}{section.2.9}% 58
\BOOKMARK [1][-]{section.2.10}{\376\377\0002\000.\0001\0000\000\040\000T\000e\000s\000t\000-\000T\000i\000m\000e\000\040\000A\000u\000g\000m\000e\000n\000t\000a\000t\000i\000o\000n}{chapter.2}% 59
\BOOKMARK [1][-]{section.2.11}{\376\377\0002\000.\0001\0001\000\040\000M\000e\000t\000r\000i\000c\000a\000s\000\040\000d\000e\000\040\000E\000v\000a\000l\000u\000a\000c\000i\000o\000n}{chapter.2}% 60
\BOOKMARK [2][-]{subsection.2.11.1}{\376\377\0002\000.\0001\0001\000.\0001\000\040\000E\000r\000r\000o\000r\000\040\000E\000u\000c\000l\000i\000d\000i\000a\000n\000o}{section.2.11}% 61
\BOOKMARK [2][-]{subsection.2.11.2}{\376\377\0002\000.\0001\0001\000.\0002\000\040\000M\000e\000t\000r\000i\000c\000a\000s\000\040\000A\000g\000r\000e\000g\000a\000d\000a\000s}{section.2.11}% 62
\BOOKMARK [2][-]{subsection.2.11.3}{\376\377\0002\000.\0001\0001\000.\0003\000\040\000S\000u\000c\000c\000e\000s\000s\000\040\000R\000a\000t\000e}{section.2.11}% 63
\BOOKMARK [0][-]{chapter.3}{\376\377\0003\000\040\000E\000s\000t\000a\000d\000o\000\040\000d\000e\000l\000\040\000A\000r\000t\000e}{}% 64
\BOOKMARK [1][-]{section.3.1}{\376\377\0003\000.\0001\000\040\000D\000e\000t\000e\000c\000c\000i\000o\000n\000\040\000d\000e\000\040\000L\000a\000n\000d\000m\000a\000r\000k\000s\000\040\000e\000n\000\040\000I\000m\000a\000g\000e\000n\000e\000s\000\040\000M\000e\000d\000i\000c\000a\000s}{chapter.3}% 65
\BOOKMARK [2][-]{subsection.3.1.1}{\376\377\0003\000.\0001\000.\0001\000\040\000M\000e\000t\000o\000d\000o\000s\000\040\000T\000r\000a\000d\000i\000c\000i\000o\000n\000a\000l\000e\000s}{section.3.1}% 66
\BOOKMARK [2][-]{subsection.3.1.2}{\376\377\0003\000.\0001\000.\0002\000\040\000D\000e\000e\000p\000\040\000L\000e\000a\000r\000n\000i\000n\000g\000\040\000p\000a\000r\000a\000\040\000L\000a\000n\000d\000m\000a\000r\000k\000s\000\040\000M\000e\000d\000i\000c\000o\000s}{section.3.1}% 67
\BOOKMARK [1][-]{section.3.2}{\376\377\0003\000.\0002\000\040\000E\000n\000f\000o\000q\000u\000e\000s\000:\000\040\000H\000e\000a\000t\000m\000a\000p\000s\000\040\000v\000s\000\040\000R\000e\000g\000r\000e\000s\000i\000o\000n\000\040\000D\000i\000r\000e\000c\000t\000a}{chapter.3}% 68
\BOOKMARK [2][-]{subsection.3.2.1}{\376\377\0003\000.\0002\000.\0001\000\040\000R\000e\000g\000r\000e\000s\000i\000o\000n\000\040\000B\000a\000s\000a\000d\000a\000\040\000e\000n\000\040\000H\000e\000a\000t\000m\000a\000p\000s}{section.3.2}% 69
\BOOKMARK [2][-]{subsection.3.2.2}{\376\377\0003\000.\0002\000.\0002\000\040\000R\000e\000g\000r\000e\000s\000i\000o\000n\000\040\000D\000i\000r\000e\000c\000t\000a\000\040\000d\000e\000\040\000C\000o\000o\000r\000d\000e\000n\000a\000d\000a\000s}{section.3.2}% 70
\BOOKMARK [2][-]{subsection.3.2.3}{\376\377\0003\000.\0002\000.\0003\000\040\000J\000u\000s\000t\000i\000f\000i\000c\000a\000c\000i\000o\000n\000\040\000d\000e\000\040\000l\000a\000\040\000E\000l\000e\000c\000c\000i\000o\000n}{section.3.2}% 71
\BOOKMARK [1][-]{section.3.3}{\376\377\0003\000.\0003\000\040\000D\000e\000t\000e\000c\000c\000i\000o\000n\000\040\000d\000e\000\040\000L\000a\000n\000d\000m\000a\000r\000k\000s\000\040\000e\000n\000\040\000R\000a\000d\000i\000o\000g\000r\000a\000f\000i\000a\000s\000\040\000d\000e\000\040\000T\000o\000r\000a\000x}{chapter.3}% 72
\BOOKMARK [2][-]{subsection.3.3.1}{\376\377\0003\000.\0003\000.\0001\000\040\000T\000r\000a\000b\000a\000j\000o\000s\000\040\000R\000e\000l\000a\000c\000i\000o\000n\000a\000d\000o\000s}{section.3.3}% 73
\BOOKMARK [2][-]{subsection.3.3.2}{\376\377\0003\000.\0003\000.\0002\000\040\000G\000a\000p\000s\000\040\000I\000d\000e\000n\000t\000i\000f\000i\000c\000a\000d\000o\000s}{section.3.3}% 74
\BOOKMARK [1][-]{section.3.4}{\376\377\0003\000.\0004\000\040\000F\000u\000n\000c\000i\000o\000n\000e\000s\000\040\000d\000e\000\040\000P\000e\000r\000d\000i\000d\000a\000\040\000E\000s\000p\000e\000c\000i\000a\000l\000i\000z\000a\000d\000a\000s}{chapter.3}% 75
\BOOKMARK [2][-]{subsection.3.4.1}{\376\377\0003\000.\0004\000.\0001\000\040\000E\000v\000o\000l\000u\000c\000i\000o\000n\000\040\000d\000e\000\040\000L\000o\000s\000s\000\040\000F\000u\000n\000c\000t\000i\000o\000n\000s\000\040\000p\000a\000r\000a\000\040\000L\000a\000n\000d\000m\000a\000r\000k\000s}{section.3.4}% 76
\BOOKMARK [2][-]{subsection.3.4.2}{\376\377\0003\000.\0004\000.\0002\000\040\000W\000i\000n\000g\000\040\000L\000o\000s\000s\000\040\000e\000n\000\040\000l\000a\000\040\000L\000i\000t\000e\000r\000a\000t\000u\000r\000a}{section.3.4}% 77
\BOOKMARK [1][-]{section.3.5}{\376\377\0003\000.\0005\000\040\000M\000e\000c\000a\000n\000i\000s\000m\000o\000s\000\040\000d\000e\000\040\000A\000t\000e\000n\000c\000i\000o\000n\000\040\000e\000n\000\040\000V\000i\000s\000i\000o\000n\000\040\000p\000o\000r\000\040\000C\000o\000m\000p\000u\000t\000a\000d\000o\000r\000a}{chapter.3}% 78
\BOOKMARK [2][-]{subsection.3.5.1}{\376\377\0003\000.\0005\000.\0001\000\040\000A\000t\000e\000n\000c\000i\000o\000n\000\040\000d\000e\000\040\000C\000a\000n\000a\000l}{section.3.5}% 79
\BOOKMARK [2][-]{subsection.3.5.2}{\376\377\0003\000.\0005\000.\0002\000\040\000A\000t\000e\000n\000c\000i\000o\000n\000\040\000E\000s\000p\000a\000c\000i\000a\000l}{section.3.5}% 80
\BOOKMARK [2][-]{subsection.3.5.3}{\376\377\0003\000.\0005\000.\0003\000\040\000C\000o\000o\000r\000d\000i\000n\000a\000t\000e\000\040\000A\000t\000t\000e\000n\000t\000i\000o\000n}{section.3.5}% 81
\BOOKMARK [1][-]{section.3.6}{\376\377\0003\000.\0006\000\040\000P\000r\000e\000p\000r\000o\000c\000e\000s\000a\000m\000i\000e\000n\000t\000o\000\040\000p\000a\000r\000a\000\040\000I\000m\000a\000g\000e\000n\000e\000s\000\040\000M\000e\000d\000i\000c\000a\000s}{chapter.3}% 82
\BOOKMARK [2][-]{subsection.3.6.1}{\376\377\0003\000.\0006\000.\0001\000\040\000E\000c\000u\000a\000l\000i\000z\000a\000c\000i\000o\000n\000\040\000d\000e\000\040\000H\000i\000s\000t\000o\000g\000r\000a\000m\000a}{section.3.6}% 83
\BOOKMARK [2][-]{subsection.3.6.2}{\376\377\0003\000.\0006\000.\0002\000\040\000C\000L\000A\000H\000E\000\040\000p\000a\000r\000a\000\040\000C\000O\000V\000I\000D\000-\0001\0009}{section.3.6}% 84
\BOOKMARK [1][-]{section.3.7}{\376\377\0003\000.\0007\000\040\000E\000n\000s\000e\000m\000b\000l\000e\000\040\000L\000e\000a\000r\000n\000i\000n\000g\000\040\000e\000n\000\040\000D\000e\000e\000p\000\040\000L\000e\000a\000r\000n\000i\000n\000g}{chapter.3}% 85
\BOOKMARK [2][-]{subsection.3.7.1}{\376\377\0003\000.\0007\000.\0001\000\040\000F\000u\000n\000d\000a\000m\000e\000n\000t\000o\000s}{section.3.7}% 86
\BOOKMARK [2][-]{subsection.3.7.2}{\376\377\0003\000.\0007\000.\0002\000\040\000E\000s\000t\000r\000a\000t\000e\000g\000i\000a\000s\000\040\000d\000e\000\040\000D\000i\000v\000e\000r\000s\000i\000f\000i\000c\000a\000c\000i\000o\000n}{section.3.7}% 87
\BOOKMARK [2][-]{subsection.3.7.3}{\376\377\0003\000.\0007\000.\0003\000\040\000E\000n\000s\000e\000m\000b\000l\000e\000s\000\040\000e\000n\000\040\000D\000e\000t\000e\000c\000c\000i\000o\000n\000\040\000d\000e\000\040\000L\000a\000n\000d\000m\000a\000r\000k\000s}{section.3.7}% 88
\BOOKMARK [1][-]{section.3.8}{\376\377\0003\000.\0008\000\040\000T\000e\000s\000t\000-\000T\000i\000m\000e\000\040\000A\000u\000g\000m\000e\000n\000t\000a\000t\000i\000o\000n}{chapter.3}% 89
\BOOKMARK [1][-]{section.3.9}{\376\377\0003\000.\0009\000\040\000D\000a\000t\000a\000s\000e\000t\000s\000\040\000d\000e\000\040\000R\000e\000f\000e\000r\000e\000n\000c\000i\000a}{chapter.3}% 90
\BOOKMARK [1][-]{section.3.10}{\376\377\0003\000.\0001\0000\000\040\000S\000i\000n\000t\000e\000s\000i\000s\000\040\000y\000\040\000P\000o\000s\000i\000c\000i\000o\000n\000a\000m\000i\000e\000n\000t\000o}{chapter.3}% 91
\BOOKMARK [2][-]{subsection.3.10.1}{\376\377\0003\000.\0001\0000\000.\0001\000\040\000R\000e\000s\000u\000m\000e\000n\000\040\000d\000e\000l\000\040\000E\000s\000t\000a\000d\000o\000\040\000d\000e\000l\000\040\000A\000r\000t\000e}{section.3.10}% 92
\BOOKMARK [2][-]{subsection.3.10.2}{\376\377\0003\000.\0001\0000\000.\0002\000\040\000C\000o\000n\000t\000r\000i\000b\000u\000c\000i\000o\000n\000e\000s\000\040\000R\000e\000s\000p\000e\000c\000t\000o\000\040\000a\000l\000\040\000E\000s\000t\000a\000d\000o\000\040\000d\000e\000l\000\040\000A\000r\000t\000e}{section.3.10}% 93
\BOOKMARK [0][-]{chapter.4}{\376\377\0004\000\040\000M\000e\000t\000o\000d\000o\000l\000o\000g\000i\000a}{}% 94
\BOOKMARK [1][-]{section.4.1}{\376\377\0004\000.\0001\000\040\000D\000e\000s\000c\000r\000i\000p\000c\000i\000o\000n\000\040\000d\000e\000l\000\040\000D\000a\000t\000a\000s\000e\000t}{chapter.4}% 95
\BOOKMARK [2][-]{subsection.4.1.1}{\376\377\0004\000.\0001\000.\0001\000\040\000O\000r\000i\000g\000e\000n\000\040\000y\000\040\000C\000a\000r\000a\000c\000t\000e\000r\000i\000s\000t\000i\000c\000a\000s}{section.4.1}% 96
\BOOKMARK [2][-]{subsection.4.1.2}{\376\377\0004\000.\0001\000.\0002\000\040\000A\000n\000o\000t\000a\000c\000i\000o\000n\000e\000s\000\040\000d\000e\000\040\000L\000a\000n\000d\000m\000a\000r\000k\000s}{section.4.1}% 97
\BOOKMARK [2][-]{subsection.4.1.3}{\376\377\0004\000.\0001\000.\0003\000\040\000D\000i\000v\000i\000s\000i\000o\000n\000\040\000d\000e\000\040\000D\000a\000t\000o\000s}{section.4.1}% 98
\BOOKMARK [1][-]{section.4.2}{\376\377\0004\000.\0002\000\040\000A\000n\000a\000l\000i\000s\000i\000s\000\040\000E\000x\000p\000l\000o\000r\000a\000t\000o\000r\000i\000o\000\040\000d\000e\000\040\000D\000a\000t\000o\000s}{chapter.4}% 99
\BOOKMARK [2][-]{subsection.4.2.1}{\376\377\0004\000.\0002\000.\0001\000\040\000V\000a\000r\000i\000a\000b\000i\000l\000i\000d\000a\000d\000\040\000p\000o\000r\000\040\000L\000a\000n\000d\000m\000a\000r\000k}{section.4.2}% 100
\BOOKMARK [2][-]{subsection.4.2.2}{\376\377\0004\000.\0002\000.\0002\000\040\000D\000e\000s\000c\000u\000b\000r\000i\000m\000i\000e\000n\000t\000o\000s\000\040\000G\000e\000o\000m\000e\000t\000r\000i\000c\000o\000s\000\040\000d\000e\000l\000\040\000E\000t\000i\000q\000u\000e\000t\000a\000d\000o}{section.4.2}% 101
\BOOKMARK [2][-]{subsection.4.2.3}{\376\377\0004\000.\0002\000.\0003\000\040\000A\000s\000i\000m\000e\000t\000r\000i\000a\000\040\000e\000n\000\040\000e\000l\000\040\000G\000r\000o\000u\000n\000d\000\040\000T\000r\000u\000t\000h}{section.4.2}% 102
\BOOKMARK [1][-]{section.4.3}{\376\377\0004\000.\0003\000\040\000A\000r\000q\000u\000i\000t\000e\000c\000t\000u\000r\000a\000\040\000P\000r\000o\000p\000u\000e\000s\000t\000a}{chapter.4}% 103
\BOOKMARK [2][-]{subsection.4.3.1}{\376\377\0004\000.\0003\000.\0001\000\040\000V\000i\000s\000i\000o\000n\000\040\000G\000e\000n\000e\000r\000a\000l}{section.4.3}% 104
\BOOKMARK [2][-]{subsection.4.3.2}{\376\377\0004\000.\0003\000.\0002\000\040\000B\000a\000c\000k\000b\000o\000n\000e\000:\000\040\000R\000e\000s\000N\000e\000t\000-\0001\0008}{section.4.3}% 105
\BOOKMARK [2][-]{subsection.4.3.3}{\376\377\0004\000.\0003\000.\0003\000\040\000C\000o\000o\000r\000d\000i\000n\000a\000t\000e\000\040\000A\000t\000t\000e\000n\000t\000i\000o\000n}{section.4.3}% 106
\BOOKMARK [2][-]{subsection.4.3.4}{\376\377\0004\000.\0003\000.\0004\000\040\000D\000e\000e\000p\000\040\000H\000e\000a\000d\000\040\000c\000o\000n\000\040\000G\000r\000o\000u\000p\000N\000o\000r\000m}{section.4.3}% 107
\BOOKMARK [2][-]{subsection.4.3.5}{\376\377\0004\000.\0003\000.\0005\000\040\000R\000e\000s\000u\000m\000e\000n\000\040\000d\000e\000\040\000P\000a\000r\000a\000m\000e\000t\000r\000o\000s}{section.4.3}% 108
\BOOKMARK [1][-]{section.4.4}{\376\377\0004\000.\0004\000\040\000P\000i\000p\000e\000l\000i\000n\000e\000\040\000d\000e\000\040\000P\000r\000e\000p\000r\000o\000c\000e\000s\000a\000m\000i\000e\000n\000t\000o}{chapter.4}% 109
\BOOKMARK [2][-]{subsection.4.4.1}{\376\377\0004\000.\0004\000.\0001\000\040\000F\000l\000u\000j\000o\000\040\000d\000e\000\040\000P\000r\000e\000p\000r\000o\000c\000e\000s\000a\000m\000i\000e\000n\000t\000o}{section.4.4}% 110
\BOOKMARK [2][-]{subsection.4.4.2}{\376\377\0004\000.\0004\000.\0002\000\040\000C\000L\000A\000H\000E\000:\000\040\000P\000a\000r\000a\000m\000e\000t\000r\000o\000s\000\040\000O\000p\000t\000i\000m\000i\000z\000a\000d\000o\000s}{section.4.4}% 111
\BOOKMARK [2][-]{subsection.4.4.3}{\376\377\0004\000.\0004\000.\0003\000\040\000D\000a\000t\000a\000\040\000A\000u\000g\000m\000e\000n\000t\000a\000t\000i\000o\000n\000\040\000c\000o\000n\000\040\000L\000a\000n\000d\000m\000a\000r\000k\000s}{section.4.4}% 112
\BOOKMARK [1][-]{section.4.5}{\376\377\0004\000.\0005\000\040\000F\000u\000n\000c\000i\000o\000n\000\040\000d\000e\000\040\000P\000e\000r\000d\000i\000d\000a}{chapter.4}% 113
\BOOKMARK [2][-]{subsection.4.5.1}{\376\377\0004\000.\0005\000.\0001\000\040\000W\000i\000n\000g\000\040\000L\000o\000s\000s\000\040\000N\000o\000r\000m\000a\000l\000i\000z\000a\000d\000a}{section.4.5}% 114
\BOOKMARK [2][-]{subsection.4.5.2}{\376\377\0004\000.\0005\000.\0002\000\040\000C\000o\000m\000p\000a\000r\000a\000c\000i\000o\000n\000\040\000c\000o\000n\000\040\000A\000l\000t\000e\000r\000n\000a\000t\000i\000v\000a\000s}{section.4.5}% 115
\BOOKMARK [1][-]{section.4.6}{\376\377\0004\000.\0006\000\040\000E\000s\000t\000r\000a\000t\000e\000g\000i\000a\000\040\000d\000e\000\040\000E\000n\000t\000r\000e\000n\000a\000m\000i\000e\000n\000t\000o}{chapter.4}% 116
\BOOKMARK [2][-]{subsection.4.6.1}{\376\377\0004\000.\0006\000.\0001\000\040\000E\000n\000t\000r\000e\000n\000a\000m\000i\000e\000n\000t\000o\000\040\000e\000n\000\040\000D\000o\000s\000\040\000F\000a\000s\000e\000s}{section.4.6}% 117
\BOOKMARK [2][-]{subsection.4.6.2}{\376\377\0004\000.\0006\000.\0002\000\040\000O\000p\000t\000i\000m\000i\000z\000a\000d\000o\000r}{section.4.6}% 118
\BOOKMARK [2][-]{subsection.4.6.3}{\376\377\0004\000.\0006\000.\0003\000\040\000E\000a\000r\000l\000y\000\040\000S\000t\000o\000p\000p\000i\000n\000g}{section.4.6}% 119
\BOOKMARK [1][-]{section.4.7}{\376\377\0004\000.\0007\000\040\000E\000n\000s\000e\000m\000b\000l\000e\000\040\000d\000e\000\040\000M\000o\000d\000e\000l\000o\000s}{chapter.4}% 120
\BOOKMARK [2][-]{subsection.4.7.1}{\376\377\0004\000.\0007\000.\0001\000\040\000E\000s\000t\000r\000a\000t\000e\000g\000i\000a\000\040\000d\000e\000\040\000D\000i\000v\000e\000r\000s\000i\000f\000i\000c\000a\000c\000i\000o\000n}{section.4.7}% 121
\BOOKMARK [2][-]{subsection.4.7.2}{\376\377\0004\000.\0007\000.\0002\000\040\000M\000e\000t\000o\000d\000o\000\040\000d\000e\000\040\000A\000g\000r\000e\000g\000a\000c\000i\000o\000n}{section.4.7}% 122
\BOOKMARK [1][-]{section.4.8}{\376\377\0004\000.\0008\000\040\000T\000e\000s\000t\000-\000T\000i\000m\000e\000\040\000A\000u\000g\000m\000e\000n\000t\000a\000t\000i\000o\000n}{chapter.4}% 123
\BOOKMARK [1][-]{section.4.9}{\376\377\0004\000.\0009\000\040\000M\000e\000t\000r\000i\000c\000a\000s\000\040\000d\000e\000\040\000E\000v\000a\000l\000u\000a\000c\000i\000o\000n}{chapter.4}% 124
\BOOKMARK [2][-]{subsection.4.9.1}{\376\377\0004\000.\0009\000.\0001\000\040\000M\000e\000t\000r\000i\000c\000a\000\040\000P\000r\000i\000n\000c\000i\000p\000a\000l\000:\000\040\000E\000r\000r\000o\000r\000\040\000E\000u\000c\000l\000i\000d\000i\000a\000n\000o}{section.4.9}% 125
\BOOKMARK [2][-]{subsection.4.9.2}{\376\377\0004\000.\0009\000.\0002\000\040\000M\000e\000t\000r\000i\000c\000a\000s\000\040\000R\000e\000p\000o\000r\000t\000a\000d\000a\000s}{section.4.9}% 126
\BOOKMARK [1][-]{section.4.10}{\376\377\0004\000.\0001\0000\000\040\000I\000m\000p\000l\000e\000m\000e\000n\000t\000a\000c\000i\000o\000n\000\040\000T\000e\000c\000n\000i\000c\000a}{chapter.4}% 127
\BOOKMARK [2][-]{subsection.4.10.1}{\376\377\0004\000.\0001\0000\000.\0001\000\040\000H\000a\000r\000d\000w\000a\000r\000e}{section.4.10}% 128
\BOOKMARK [2][-]{subsection.4.10.2}{\376\377\0004\000.\0001\0000\000.\0002\000\040\000D\000e\000p\000e\000n\000d\000e\000n\000c\000i\000a\000s\000\040\000P\000r\000i\000n\000c\000i\000p\000a\000l\000e\000s}{section.4.10}% 129
\BOOKMARK [2][-]{subsection.4.10.3}{\376\377\0004\000.\0001\0000\000.\0003\000\040\000T\000i\000e\000m\000p\000o\000\040\000d\000e\000\040\000E\000n\000t\000r\000e\000n\000a\000m\000i\000e\000n\000t\000o}{section.4.10}% 130
\BOOKMARK [1][-]{section.4.11}{\376\377\0004\000.\0001\0001\000\040\000E\000s\000t\000r\000u\000c\000t\000u\000r\000a\000\040\000d\000e\000l\000\040\000P\000r\000o\000y\000e\000c\000t\000o}{chapter.4}% 131
\BOOKMARK [0][-]{chapter.5}{\376\377\0005\000\040\000E\000x\000p\000e\000r\000i\000m\000e\000n\000t\000a\000c\000i\000o\000n\000\040\000y\000\040\000R\000e\000s\000u\000l\000t\000a\000d\000o\000s}{}% 132
\BOOKMARK [1][-]{section.5.1}{\376\377\0005\000.\0001\000\040\000C\000o\000n\000f\000i\000g\000u\000r\000a\000c\000i\000o\000n\000\040\000E\000x\000p\000e\000r\000i\000m\000e\000n\000t\000a\000l}{chapter.5}% 133
\BOOKMARK [2][-]{subsection.5.1.1}{\376\377\0005\000.\0001\000.\0001\000\040\000P\000r\000o\000t\000o\000c\000o\000l\000o\000\040\000d\000e\000\040\000E\000v\000a\000l\000u\000a\000c\000i\000o\000n}{section.5.1}% 134
\BOOKMARK [2][-]{subsection.5.1.2}{\376\377\0005\000.\0001\000.\0002\000\040\000B\000a\000s\000e\000l\000i\000n\000e}{section.5.1}% 135
\BOOKMARK [1][-]{section.5.2}{\376\377\0005\000.\0002\000\040\000E\000s\000t\000u\000d\000i\000o\000\040\000d\000e\000\040\000A\000b\000l\000a\000c\000i\000o\000n}{chapter.5}% 136
\BOOKMARK [1][-]{section.5.3}{\376\377\0005\000.\0003\000\040\000E\000v\000o\000l\000u\000c\000i\000o\000n\000\040\000p\000o\000r\000\040\000S\000e\000s\000i\000o\000n}{chapter.5}% 137
\BOOKMARK [1][-]{section.5.4}{\376\377\0005\000.\0004\000\040\000R\000e\000s\000u\000l\000t\000a\000d\000o\000s\000\040\000d\000e\000l\000\040\000M\000o\000d\000e\000l\000o\000\040\000F\000i\000n\000a\000l}{chapter.5}% 138
\BOOKMARK [2][-]{subsection.5.4.1}{\376\377\0005\000.\0004\000.\0001\000\040\000M\000e\000t\000r\000i\000c\000a\000s\000\040\000G\000l\000o\000b\000a\000l\000e\000s}{section.5.4}% 139
\BOOKMARK [2][-]{subsection.5.4.2}{\376\377\0005\000.\0004\000.\0002\000\040\000R\000e\000s\000u\000l\000t\000a\000d\000o\000s\000\040\000p\000o\000r\000\040\000L\000a\000n\000d\000m\000a\000r\000k}{section.5.4}% 140
\BOOKMARK [2][-]{subsection.5.4.3}{\376\377\0005\000.\0004\000.\0003\000\040\000R\000e\000s\000u\000l\000t\000a\000d\000o\000s\000\040\000p\000o\000r\000\040\000C\000a\000t\000e\000g\000o\000r\000i\000a\000\040\000d\000e\000\040\000P\000a\000t\000o\000l\000o\000g\000i\000a}{section.5.4}% 141
\BOOKMARK [2][-]{subsection.5.4.4}{\376\377\0005\000.\0004\000.\0004\000\040\000M\000a\000t\000r\000i\000z\000\040\000d\000e\000\040\000E\000r\000r\000o\000r\000\040\000L\000a\000n\000d\000m\000a\000r\000k\000-\000C\000a\000t\000e\000g\000o\000r\000i\000a}{section.5.4}% 142
\BOOKMARK [1][-]{section.5.5}{\376\377\0005\000.\0005\000\040\000A\000n\000a\000l\000i\000s\000i\000s\000\040\000d\000e\000l\000\040\000E\000n\000s\000e\000m\000b\000l\000e}{chapter.5}% 143
\BOOKMARK [2][-]{subsection.5.5.1}{\376\377\0005\000.\0005\000.\0001\000\040\000R\000e\000n\000d\000i\000m\000i\000e\000n\000t\000o\000\040\000I\000n\000d\000i\000v\000i\000d\000u\000a\000l\000\040\000d\000e\000\040\000M\000o\000d\000e\000l\000o\000s}{section.5.5}% 144
\BOOKMARK [2][-]{subsection.5.5.2}{\376\377\0005\000.\0005\000.\0002\000\040\000C\000o\000m\000p\000a\000r\000a\000c\000i\000o\000n\000\040\000d\000e\000\040\000C\000o\000m\000b\000i\000n\000a\000c\000i\000o\000n\000e\000s\000\040\000d\000e\000\040\000E\000n\000s\000e\000m\000b\000l\000e}{section.5.5}% 145
\BOOKMARK [1][-]{section.5.6}{\376\377\0005\000.\0006\000\040\000I\000m\000p\000a\000c\000t\000o\000\040\000d\000e\000\040\000C\000L\000A\000H\000E}{chapter.5}% 146
\BOOKMARK [2][-]{subsection.5.6.1}{\376\377\0005\000.\0006\000.\0001\000\040\000C\000o\000m\000p\000a\000r\000a\000c\000i\000o\000n\000\040\000C\000o\000n\000\040\000y\000\040\000S\000i\000n\000\040\000C\000L\000A\000H\000E}{section.5.6}% 147
\BOOKMARK [2][-]{subsection.5.6.2}{\376\377\0005\000.\0006\000.\0002\000\040\000O\000p\000t\000i\000m\000i\000z\000a\000c\000i\000o\000n\000\040\000d\000e\000\040\000P\000a\000r\000a\000m\000e\000t\000r\000o\000s\000\040\000C\000L\000A\000H\000E}{section.5.6}% 148
\BOOKMARK [1][-]{section.5.7}{\376\377\0005\000.\0007\000\040\000E\000x\000p\000l\000o\000r\000a\000c\000i\000o\000n\000\040\000d\000e\000\040\000A\000r\000q\000u\000i\000t\000e\000c\000t\000u\000r\000a\000\040\000J\000e\000r\000a\000r\000q\000u\000i\000c\000a}{chapter.5}% 149
\BOOKMARK [2][-]{subsection.5.7.1}{\376\377\0005\000.\0007\000.\0001\000\040\000C\000o\000n\000c\000e\000p\000t\000o}{section.5.7}% 150
\BOOKMARK [2][-]{subsection.5.7.2}{\376\377\0005\000.\0007\000.\0002\000\040\000R\000e\000s\000u\000l\000t\000a\000d\000o\000s}{section.5.7}% 151
\BOOKMARK [1][-]{section.5.8}{\376\377\0005\000.\0008\000\040\000V\000i\000s\000u\000a\000l\000i\000z\000a\000c\000i\000o\000n\000\040\000d\000e\000\040\000P\000r\000e\000d\000i\000c\000c\000i\000o\000n\000e\000s}{chapter.5}% 152
\BOOKMARK [1][-]{section.5.9}{\376\377\0005\000.\0009\000\040\000R\000e\000s\000u\000m\000e\000n\000\040\000d\000e\000\040\000R\000e\000s\000u\000l\000t\000a\000d\000o\000s}{chapter.5}% 153
\BOOKMARK [0][-]{chapter.6}{\376\377\0006\000\040\000D\000i\000s\000c\000u\000s\000i\000o\000n}{}% 154
\BOOKMARK [1][-]{section.6.1}{\376\377\0006\000.\0001\000\040\000I\000n\000t\000e\000r\000p\000r\000e\000t\000a\000c\000i\000o\000n\000\040\000d\000e\000\040\000R\000e\000s\000u\000l\000t\000a\000d\000o\000s}{chapter.6}% 155
\BOOKMARK [2][-]{subsection.6.1.1}{\376\377\0006\000.\0001\000.\0001\000\040\000S\000u\000p\000e\000r\000a\000c\000i\000o\000n\000\040\000d\000e\000l\000\040\000O\000b\000j\000e\000t\000i\000v\000o}{section.6.1}% 156
\BOOKMARK [2][-]{subsection.6.1.2}{\376\377\0006\000.\0001\000.\0002\000\040\000C\000e\000r\000c\000a\000n\000i\000a\000\040\000a\000l\000\040\000L\000i\000m\000i\000t\000e\000\040\000T\000e\000o\000r\000i\000c\000o}{section.6.1}% 157
\BOOKMARK [2][-]{subsection.6.1.3}{\376\377\0006\000.\0001\000.\0003\000\040\000V\000a\000r\000i\000a\000b\000i\000l\000i\000d\000a\000d\000\040\000p\000o\000r\000\040\000L\000a\000n\000d\000m\000a\000r\000k}{section.6.1}% 158
\BOOKMARK [2][-]{subsection.6.1.4}{\376\377\0006\000.\0001\000.\0004\000\040\000I\000m\000p\000a\000c\000t\000o\000\040\000d\000e\000\040\000l\000a\000\040\000P\000a\000t\000o\000l\000o\000g\000i\000a}{section.6.1}% 159
\BOOKMARK [1][-]{section.6.2}{\376\377\0006\000.\0002\000\040\000C\000o\000m\000p\000a\000r\000a\000c\000i\000o\000n\000\040\000c\000o\000n\000\040\000e\000l\000\040\000E\000s\000t\000a\000d\000o\000\040\000d\000e\000l\000\040\000A\000r\000t\000e}{chapter.6}% 160
\BOOKMARK [2][-]{subsection.6.2.1}{\376\377\0006\000.\0002\000.\0001\000\040\000C\000o\000n\000t\000e\000x\000t\000u\000a\000l\000i\000z\000a\000c\000i\000o\000n\000\040\000d\000e\000\040\000R\000e\000s\000u\000l\000t\000a\000d\000o\000s}{section.6.2}% 161
\BOOKMARK [2][-]{subsection.6.2.2}{\376\377\0006\000.\0002\000.\0002\000\040\000C\000o\000n\000t\000r\000i\000b\000u\000c\000i\000o\000n\000e\000s\000\040\000O\000r\000i\000g\000i\000n\000a\000l\000e\000s}{section.6.2}% 162
\BOOKMARK [1][-]{section.6.3}{\376\377\0006\000.\0003\000\040\000A\000n\000a\000l\000i\000s\000i\000s\000\040\000d\000e\000\040\000C\000a\000s\000o\000s}{chapter.6}% 163
\BOOKMARK [2][-]{subsection.6.3.1}{\376\377\0006\000.\0003\000.\0001\000\040\000C\000a\000s\000o\000s\000\040\000E\000x\000i\000t\000o\000s\000o\000s}{section.6.3}% 164
\BOOKMARK [2][-]{subsection.6.3.2}{\376\377\0006\000.\0003\000.\0002\000\040\000C\000a\000s\000o\000s\000\040\000F\000a\000l\000l\000i\000d\000o\000s}{section.6.3}% 165
\BOOKMARK [2][-]{subsection.6.3.3}{\376\377\0006\000.\0003\000.\0003\000\040\000P\000a\000t\000r\000o\000n\000e\000s\000\040\000d\000e\000\040\000E\000r\000r\000o\000r}{section.6.3}% 166
\BOOKMARK [1][-]{section.6.4}{\376\377\0006\000.\0004\000\040\000A\000n\000a\000l\000i\000s\000i\000s\000\040\000d\000e\000\040\000D\000e\000c\000i\000s\000i\000o\000n\000e\000s\000\040\000d\000e\000\040\000D\000i\000s\000e\000n\000o}{chapter.6}% 167
\BOOKMARK [2][-]{subsection.6.4.1}{\376\377\0006\000.\0004\000.\0001\000\040\000D\000e\000c\000i\000s\000i\000o\000n\000e\000s\000\040\000q\000u\000e\000\040\000F\000u\000n\000c\000i\000o\000n\000a\000r\000o\000n}{section.6.4}% 168
\BOOKMARK [2][-]{subsection.6.4.2}{\376\377\0006\000.\0004\000.\0002\000\040\000D\000e\000c\000i\000s\000i\000o\000n\000e\000s\000\040\000q\000u\000e\000\040\000N\000O\000\040\000F\000u\000n\000c\000i\000o\000n\000a\000r\000o\000n}{section.6.4}% 169
\BOOKMARK [1][-]{section.6.5}{\376\377\0006\000.\0005\000\040\000L\000i\000m\000i\000t\000a\000c\000i\000o\000n\000e\000s}{chapter.6}% 170
\BOOKMARK [2][-]{subsection.6.5.1}{\376\377\0006\000.\0005\000.\0001\000\040\000L\000i\000m\000i\000t\000a\000c\000i\000o\000n\000e\000s\000\040\000d\000e\000l\000\040\000D\000a\000t\000a\000s\000e\000t}{section.6.5}% 171
\BOOKMARK [2][-]{subsection.6.5.2}{\376\377\0006\000.\0005\000.\0002\000\040\000L\000i\000m\000i\000t\000a\000c\000i\000o\000n\000e\000s\000\040\000d\000e\000l\000\040\000M\000o\000d\000e\000l\000o}{section.6.5}% 172
\BOOKMARK [2][-]{subsection.6.5.3}{\376\377\0006\000.\0005\000.\0003\000\040\000L\000i\000m\000i\000t\000a\000c\000i\000o\000n\000e\000s\000\040\000d\000e\000l\000\040\000G\000r\000o\000u\000n\000d\000\040\000T\000r\000u\000t\000h}{section.6.5}% 173
\BOOKMARK [1][-]{section.6.6}{\376\377\0006\000.\0006\000\040\000I\000m\000p\000l\000i\000c\000a\000c\000i\000o\000n\000e\000s\000\040\000P\000r\000a\000c\000t\000i\000c\000a\000s}{chapter.6}% 174
\BOOKMARK [2][-]{subsection.6.6.1}{\376\377\0006\000.\0006\000.\0001\000\040\000A\000p\000l\000i\000c\000a\000c\000i\000o\000n\000e\000s\000\040\000C\000l\000i\000n\000i\000c\000a\000s\000\040\000P\000o\000t\000e\000n\000c\000i\000a\000l\000e\000s}{section.6.6}% 175
\BOOKMARK [2][-]{subsection.6.6.2}{\376\377\0006\000.\0006\000.\0002\000\040\000C\000o\000n\000s\000i\000d\000e\000r\000a\000c\000i\000o\000n\000e\000s\000\040\000p\000a\000r\000a\000\040\000D\000e\000s\000p\000l\000i\000e\000g\000u\000e}{section.6.6}% 176
\BOOKMARK [1][-]{section.6.7}{\376\377\0006\000.\0007\000\040\000T\000r\000a\000b\000a\000j\000o\000\040\000F\000u\000t\000u\000r\000o}{chapter.6}% 177
\BOOKMARK [2][-]{subsection.6.7.1}{\376\377\0006\000.\0007\000.\0001\000\040\000M\000e\000j\000o\000r\000a\000s\000\040\000I\000n\000m\000e\000d\000i\000a\000t\000a\000s}{section.6.7}% 178
\BOOKMARK [2][-]{subsection.6.7.2}{\376\377\0006\000.\0007\000.\0002\000\040\000E\000x\000t\000e\000n\000s\000i\000o\000n\000e\000s\000\040\000a\000\040\000M\000e\000d\000i\000a\000n\000o\000\040\000P\000l\000a\000z\000o}{section.6.7}% 179
\BOOKMARK [2][-]{subsection.6.7.3}{\376\377\0006\000.\0007\000.\0003\000\040\000V\000i\000s\000i\000o\000n\000\040\000a\000\040\000L\000a\000r\000g\000o\000\040\000P\000l\000a\000z\000o}{section.6.7}% 180
\BOOKMARK [0][-]{chapter.7}{\376\377\0007\000\040\000C\000o\000n\000c\000l\000u\000s\000i\000o\000n\000e\000s}{}% 181
\BOOKMARK [1][-]{section.7.1}{\376\377\0007\000.\0001\000\040\000R\000e\000s\000u\000m\000e\000n\000\040\000d\000e\000\040\000C\000o\000n\000t\000r\000i\000b\000u\000c\000i\000o\000n\000e\000s}{chapter.7}% 182
\BOOKMARK [2][-]{subsection.7.1.1}{\376\377\0007\000.\0001\000.\0001\000\040\000C\000o\000n\000t\000r\000i\000b\000u\000c\000i\000o\000n\000e\000s\000\040\000T\000e\000c\000n\000i\000c\000a\000s}{section.7.1}% 183
\BOOKMARK [2][-]{subsection.7.1.2}{\376\377\0007\000.\0001\000.\0002\000\040\000C\000o\000n\000t\000r\000i\000b\000u\000c\000i\000o\000n\000e\000s\000\040\000M\000e\000t\000o\000d\000o\000l\000o\000g\000i\000c\000a\000s}{section.7.1}% 184
\BOOKMARK [1][-]{section.7.2}{\376\377\0007\000.\0002\000\040\000C\000u\000m\000p\000l\000i\000m\000i\000e\000n\000t\000o\000\040\000d\000e\000\040\000O\000b\000j\000e\000t\000i\000v\000o\000s}{chapter.7}% 185
\BOOKMARK [2][-]{subsection.7.2.1}{\376\377\0007\000.\0002\000.\0001\000\040\000O\000b\000j\000e\000t\000i\000v\000o\000\040\000G\000e\000n\000e\000r\000a\000l}{section.7.2}% 186
\BOOKMARK [2][-]{subsection.7.2.2}{\376\377\0007\000.\0002\000.\0002\000\040\000O\000b\000j\000e\000t\000i\000v\000o\000s\000\040\000E\000s\000p\000e\000c\000i\000f\000i\000c\000o\000s}{section.7.2}% 187
\BOOKMARK [1][-]{section.7.3}{\376\377\0007\000.\0003\000\040\000C\000o\000n\000c\000l\000u\000s\000i\000o\000n\000e\000s\000\040\000P\000r\000i\000n\000c\000i\000p\000a\000l\000e\000s}{chapter.7}% 188
\BOOKMARK [2][-]{subsection.7.3.1}{\376\377\0007\000.\0003\000.\0001\000\040\000S\000o\000b\000r\000e\000\040\000l\000a\000\040\000A\000r\000q\000u\000i\000t\000e\000c\000t\000u\000r\000a}{section.7.3}% 189
\BOOKMARK [2][-]{subsection.7.3.2}{\376\377\0007\000.\0003\000.\0002\000\040\000S\000o\000b\000r\000e\000\040\000e\000l\000\040\000P\000r\000e\000p\000r\000o\000c\000e\000s\000a\000m\000i\000e\000n\000t\000o}{section.7.3}% 190
\BOOKMARK [2][-]{subsection.7.3.3}{\376\377\0007\000.\0003\000.\0003\000\040\000S\000o\000b\000r\000e\000\040\000e\000l\000\040\000E\000n\000t\000r\000e\000n\000a\000m\000i\000e\000n\000t\000o}{section.7.3}% 191
\BOOKMARK [2][-]{subsection.7.3.4}{\376\377\0007\000.\0003\000.\0004\000\040\000S\000o\000b\000r\000e\000\040\000e\000l\000\040\000E\000n\000s\000e\000m\000b\000l\000e}{section.7.3}% 192
\BOOKMARK [1][-]{section.7.4}{\376\377\0007\000.\0004\000\040\000L\000i\000m\000i\000t\000a\000c\000i\000o\000n\000e\000s\000\040\000R\000e\000c\000o\000n\000o\000c\000i\000d\000a\000s}{chapter.7}% 193
\BOOKMARK [1][-]{section.7.5}{\376\377\0007\000.\0005\000\040\000D\000i\000r\000e\000c\000c\000i\000o\000n\000e\000s\000\040\000d\000e\000\040\000T\000r\000a\000b\000a\000j\000o\000\040\000F\000u\000t\000u\000r\000o}{chapter.7}% 194
\BOOKMARK [1][-]{section.7.6}{\376\377\0007\000.\0006\000\040\000R\000e\000f\000l\000e\000x\000i\000o\000n\000e\000s\000\040\000F\000i\000n\000a\000l\000e\000s}{chapter.7}% 195
\BOOKMARK [0][-]{section*.59}{\376\377\000A\000p\000e\000n\000d\000i\000c\000e\000s}{}% 196
\BOOKMARK [0][-]{appendix*.60}{\376\377\000F\000r\000a\000g\000m\000e\000n\000t\000o\000s\000\040\000d\000e\000\040\000C\000o\000d\000i\000g\000o\000\040\000R\000e\000l\000e\000v\000a\000n\000t\000e\000s}{}% 197
\BOOKMARK [1][-]{section.1.Alph0.1}{\376\377\000.\0001\000\040\000A\000r\000q\000u\000i\000t\000e\000c\000t\000u\000r\000a\000\040\000d\000e\000l\000\040\000M\000o\000d\000e\000l\000o}{appendix*.60}% 198
\BOOKMARK [1][-]{section.1.Alph0.2}{\376\377\000.\0002\000\040\000C\000o\000o\000r\000d\000i\000n\000a\000t\000e\000\040\000A\000t\000t\000e\000n\000t\000i\000o\000n}{appendix*.60}% 199
\BOOKMARK [1][-]{section.1.Alph0.3}{\376\377\000.\0003\000\040\000W\000i\000n\000g\000\040\000L\000o\000s\000s}{appendix*.60}% 200
\BOOKMARK [1][-]{section.1.Alph0.4}{\376\377\000.\0004\000\040\000D\000a\000t\000a\000s\000e\000t\000\040\000y\000\040\000T\000r\000a\000n\000s\000f\000o\000r\000m\000a\000c\000i\000o\000n\000e\000s}{appendix*.60}% 201
\BOOKMARK [1][-]{section.1.Alph0.5}{\376\377\000.\0005\000\040\000T\000e\000s\000t\000-\000T\000i\000m\000e\000\040\000A\000u\000g\000m\000e\000n\000t\000a\000t\000i\000o\000n}{appendix*.60}% 202
\BOOKMARK [1][-]{section.1.Alph0.6}{\376\377\000.\0006\000\040\000I\000n\000f\000e\000r\000e\000n\000c\000i\000a\000\040\000c\000o\000n\000\040\000E\000n\000s\000e\000m\000b\000l\000e}{appendix*.60}% 203
\BOOKMARK [0][-]{appendix*.61}{\376\377\000C\000o\000n\000f\000i\000g\000u\000r\000a\000c\000i\000o\000n\000\040\000C\000o\000m\000p\000l\000e\000t\000a\000\040\000d\000e\000\040\000H\000i\000p\000e\000r\000p\000a\000r\000a\000m\000e\000t\000r\000o\000s}{}% 204
\BOOKMARK [1][-]{section.1.Alph0.7}{\376\377\000.\0007\000\040\000C\000o\000n\000f\000i\000g\000u\000r\000a\000c\000i\000o\000n\000\040\000e\000n\000\040\000F\000o\000r\000m\000a\000t\000o\000\040\000J\000S\000O\000N}{appendix*.61}% 205
\BOOKMARK [1][-]{section.1.Alph0.8}{\376\377\000.\0008\000\040\000R\000e\000s\000u\000m\000e\000n\000\040\000T\000a\000b\000u\000l\000a\000r\000\040\000d\000e\000\040\000H\000i\000p\000e\000r\000p\000a\000r\000a\000m\000e\000t\000r\000o\000s}{appendix*.61}% 206
\BOOKMARK [2][-]{subsection.1.Alph0.8.1}{\376\377\000.\0008\000.\0001\000\040\000A\000r\000q\000u\000i\000t\000e\000c\000t\000u\000r\000a\000\040\000d\000e\000l\000\040\000M\000o\000d\000e\000l\000o}{section.1.Alph0.8}% 207
\BOOKMARK [2][-]{subsection.1.Alph0.8.2}{\376\377\000.\0008\000.\0002\000\040\000P\000r\000e\000p\000r\000o\000c\000e\000s\000a\000m\000i\000e\000n\000t\000o}{section.1.Alph0.8}% 208
\BOOKMARK [2][-]{subsection.1.Alph0.8.3}{\376\377\000.\0008\000.\0003\000\040\000E\000n\000t\000r\000e\000n\000a\000m\000i\000e\000n\000t\000o}{section.1.Alph0.8}% 209
\BOOKMARK [2][-]{subsection.1.Alph0.8.4}{\376\377\000.\0008\000.\0004\000\040\000D\000a\000t\000a\000\040\000A\000u\000g\000m\000e\000n\000t\000a\000t\000i\000o\000n}{section.1.Alph0.8}% 210
\BOOKMARK [1][-]{section.1.Alph0.9}{\376\377\000.\0009\000\040\000C\000h\000e\000c\000k\000p\000o\000i\000n\000t\000s\000\040\000d\000e\000l\000\040\000E\000n\000s\000e\000m\000b\000l\000e\000\040\000F\000i\000n\000a\000l}{appendix*.61}% 211
\BOOKMARK [1][-]{section.1.Alph0.10}{\376\377\000.\0001\0000\000\040\000C\000o\000m\000a\000n\000d\000o\000\040\000d\000e\000\040\000E\000n\000t\000r\000e\000n\000a\000m\000i\000e\000n\000t\000o}{appendix*.61}% 212
\BOOKMARK [0][-]{appendix*.67}{\376\377\000V\000i\000s\000u\000a\000l\000i\000z\000a\000c\000i\000o\000n\000e\000s\000\040\000A\000d\000i\000c\000i\000o\000n\000a\000l\000e\000s}{}% 213
\BOOKMARK [1][-]{section.1.Alph0.11}{\376\377\000.\0001\0001\000\040\000D\000i\000a\000g\000r\000a\000m\000a\000s\000\040\000d\000e\000\040\000A\000r\000q\000u\000i\000t\000e\000c\000t\000u\000r\000a}{appendix*.67}% 214
\BOOKMARK [1][-]{section.1.Alph0.12}{\376\377\000.\0001\0002\000\040\000F\000i\000g\000u\000r\000a\000s\000\040\000d\000e\000\040\000R\000e\000s\000u\000l\000t\000a\000d\000o\000s}{appendix*.67}% 215
\BOOKMARK [1][-]{section.1.Alph0.13}{\376\377\000.\0001\0003\000\040\000V\000i\000s\000u\000a\000l\000i\000z\000a\000c\000i\000o\000n\000\040\000d\000e\000\040\000P\000r\000e\000d\000i\000c\000c\000i\000o\000n\000e\000s}{appendix*.67}% 216
\BOOKMARK [1][-]{section.1.Alph0.14}{\376\377\000.\0001\0004\000\040\000C\000o\000m\000p\000a\000r\000a\000c\000i\000o\000n\000\040\000C\000L\000A\000H\000E}{appendix*.67}% 217
\BOOKMARK [1][-]{section.1.Alph0.15}{\376\377\000.\0001\0005\000\040\000A\000n\000a\000t\000o\000m\000i\000a\000\040\000d\000e\000\040\000L\000a\000n\000d\000m\000a\000r\000k\000s}{appendix*.67}% 218
\BOOKMARK [1][-]{section.1.Alph0.16}{\376\377\000.\0001\0006\000\040\000S\000c\000r\000i\000p\000t\000s\000\040\000d\000e\000\040\000G\000e\000n\000e\000r\000a\000c\000i\000o\000n}{appendix*.67}% 219
